[+] Containers:
 |- [+] Container: /Game/FirstPerson/Maps/FirstPersonMap
 |   |- [+] ActorDescs:
 |   |   |- Guid:0196647C423CCBD0C9A132B558D26C48 BaseClass:/Game/Sample/Bluprints/BP_Puerta.BP_Puerta_C NativeClass:/Script/Engine.Actor Name:BP_Puerta_C_UAID_E0D55ED8DBB297AD01_1421542444 Label:BP_Puerta20 SpatiallyLoaded:1 Bounds:IsValid=true, Min=(X=-2945.457 Y=1041.422 Z=90.000), Max=(X=-2445.457 Y=1457.422 Z=927.672) RuntimeGrid:None EditorOnly:0 RuntimeOnly:0 HLODRelevant:0
 |   |   |- Guid:0C1D1A0F4F1C5D415885B5A3DD1C89A1 BaseClass:/Game/Sample/Bluprints/BP_Puerta.BP_Puerta_C NativeClass:/Script/Engine.Actor Name:BP_Puerta_C_UAID_E0D55ED8DBB297AD01_1092609430 Label:BP_Puerta6 SpatiallyLoaded:1 Bounds:IsValid=true, Min=(X=-963.457 Y=-1000.578 Z=90.000), Max=(X=-547.457 Y=-500.578 Z=927.672) RuntimeGrid:None EditorOnly:0 RuntimeOnly:0 HLODRelevant:0
 |   |   |- Guid:1469824F447953C46F6133A46948A89F BaseClass:/Game/Habitacion_Victoria/Llave/BP_Llave.BP_Llave_C NativeClass:/Script/Engine.Actor Name:BP_Llave_C_UAID_B42E999BD68C9CAF01_1797073420 Label:BP_Llave SpatiallyLoaded:1 Bounds:IsValid=true, Min=(X=-1452.000 Y=4858.000 Z=126.669), Max=(X=-1188.000 Y=5322.000 Z=336.000) RuntimeGrid:None EditorOnly:0 RuntimeOnly:0 HLODRelevant:0
 |   |   |- Guid:1CF453154E092C2FE220DAA58EDE6734 BaseClass:/Game/Sample/Bluprints/Spawner.Spawner_C NativeClass:/Script/Engine.Actor Name:Spawner_C_UAID_E0D55ED8DBB2A6AF01_1574166179 Label:Spawner4 SpatiallyLoaded:1 Bounds:IsValid=true, Min=(X=-90.000 Y=-890.000 Z=40.000), Max=(X=10.000 Y=-790.000 Z=140.000) RuntimeGrid:None EditorOnly:0 RuntimeOnly:0 HLODRelevant:0
 |   |   |- Guid:24775A5F41BFEBEFD28A4D8CB488F341 BaseClass:/Game/Sample/Bluprints/BP_Puerta.BP_Puerta_C NativeClass:/Script/Engine.Actor Name:BP_Puerta_C_UAID_E0D55ED8DBB296AD01_2089907252 Label:BP_Puerta4 SpatiallyLoaded:1 Bounds:IsValid=true, Min=(X=346.543 Y=399.422 Z=90.000), Max=(X=762.543 Y=799.422 Z=927.672) RuntimeGrid:None EditorOnly:0 RuntimeOnly:0 HLODRelevant:0
 |   |   |- Guid:251FCD6741BBB9C57273BDA72E21FD67 BaseClass: NativeClass:/Script/NavigationSystem.NavMeshBoundsVolume Name:NavMeshBoundsVolume_UAID_FC3497E54BE796AD01_1181668247 Label:NavMeshBoundsVolume SpatiallyLoaded:0 Bounds:IsValid=true, Min=(X=-3289.328 Y=-1402.607 Z=31.297), Max=(X=1769.328 Y=3702.607 Z=528.703) RuntimeGrid:None EditorOnly:0 RuntimeOnly:0 HLODRelevant:0
 |   |   |- Guid:258EA43C4722E997DB09DE91AA7AADFB BaseClass:/Game/Sample/Bluprints/BP_Puerta.BP_Puerta_C NativeClass:/Script/Engine.Actor Name:BP_Puerta_C_UAID_E0D55ED8DBB297AD01_1160984434 Label:BP_Puerta10 SpatiallyLoaded:1 Bounds:IsValid=true, Min=(X=346.543 Y=1699.422 Z=90.000), Max=(X=762.543 Y=2099.422 Z=927.672) RuntimeGrid:None EditorOnly:0 RuntimeOnly:0 HLODRelevant:0
 |   |   |- Guid:269E95314EE286B6A4594480C167C94E BaseClass: NativeClass:/Script/Engine.StaticMeshActor Name:StaticMeshActor_UAID_B42E999BD68C98AF01_1462068711 Label:Victoria SpatiallyLoaded:1 Bounds:IsValid=true, Min=(X=-300.000 Y=4880.000 Z=100.000), Max=(X=100.000 Y=5280.000 Z=500.000) RuntimeGrid:None EditorOnly:0 RuntimeOnly:0 HLODRelevant:0 FolderPath:Playground FolderGuid:6C02BB504B69D1F3D7A624B130C18E5B
 |   |   |- Guid:2C316A8744B6F058739CF9AF4C1DEA75 BaseClass:/Game/Sample/Bluprints/Spawner.Spawner_C NativeClass:/Script/Engine.Actor Name:Spawner_C_UAID_E0D55ED8DBB2A6AF01_1785503185 Label:Spawner10 SpatiallyLoaded:1 Bounds:IsValid=true, Min=(X=-90.000 Y=3020.000 Z=40.000), Max=(X=10.000 Y=3120.000 Z=140.000) RuntimeGrid:None EditorOnly:0 RuntimeOnly:0 HLODRelevant:0
 |   |   |- Guid:2E674642448E871820F98D99BFAB0911 BaseClass:/Game/Sample/Bluprints/BP_Puerta.BP_Puerta_C NativeClass:/Script/Engine.Actor Name:BP_Puerta_C_UAID_E0D55ED8DBB297AD01_1146718433 Label:BP_Puerta9 SpatiallyLoaded:1 Bounds:IsValid=true, Min=(X=-2253.457 Y=1699.422 Z=90.000), Max=(X=-1837.457 Y=2099.422 Z=927.672) RuntimeGrid:None EditorOnly:0 RuntimeOnly:0 HLODRelevant:0
 |   |   |- Guid:33D3BB434070CE2C047DCB98D855A7BD BaseClass:/Game/Sample/Bluprints/BP_Puerta.BP_Puerta_C NativeClass:/Script/Engine.Actor Name:BP_Puerta_C_UAID_E0D55ED8DBB297AD01_1375406442 Label:BP_Puerta18 SpatiallyLoaded:1 Bounds:IsValid=true, Min=(X=-1705.457 Y=-258.578 Z=90.000), Max=(X=-1105.457 Y=157.422 Z=927.672) RuntimeGrid:None EditorOnly:0 RuntimeOnly:0 HLODRelevant:0
 |   |   |- Guid:3852AE6A4A35017DD2D53FBD2F8BE443 BaseClass:/Game/Sample/Bluprints/BP_Puerta.BP_Puerta_C NativeClass:/Script/Engine.Actor Name:BP_Puerta_C_UAID_E0D55ED8DBB297AD01_1299426439 Label:BP_Puerta15 SpatiallyLoaded:1 Bounds:IsValid=true, Min=(X=-345.457 Y=2341.422 Z=90.000), Max=(X=154.543 Y=2757.422 Z=927.672) RuntimeGrid:None EditorOnly:0 RuntimeOnly:0 HLODRelevant:0
 |   |   |- Guid:3DCD3E294F399AF893F54694AD56A779 BaseClass:/Game/Sample/Bluprints/BP_Puerta.BP_Puerta_C NativeClass:/Script/Engine.Actor Name:BP_Puerta_C_UAID_E0D55ED8DBB297AD01_1107487431 Label:BP_Puerta7 SpatiallyLoaded:1 Bounds:IsValid=true, Min=(X=346.543 Y=-1000.578 Z=90.000), Max=(X=762.543 Y=-500.578 Z=927.672) RuntimeGrid:None EditorOnly:0 RuntimeOnly:0 HLODRelevant:0
 |   |   |- Guid:40A14A0E443DD5003672549CCD61A3F1 BaseClass:/Game/Sample/Bluprints/Spawner.Spawner_C NativeClass:/Script/Engine.Actor Name:Spawner_C_UAID_E0D55ED8DBB2A6AF01_1685341182 Label:Spawner7 SpatiallyLoaded:1 Bounds:IsValid=true, Min=(X=-2690.000 Y=1800.000 Z=40.000), Max=(X=-2590.000 Y=1900.000 Z=140.000) RuntimeGrid:None EditorOnly:0 RuntimeOnly:0 HLODRelevant:0
 |   |   |- Guid:5234458146CAB01158D73493802A7FFB BaseClass:/Game/Sample/Bluprints/BP_Puerta.BP_Puerta_C NativeClass:/Script/Engine.Actor Name:BP_Puerta_C_UAID_E0D55ED8DBB297AD01_1186002435 Label:BP_Puerta11 SpatiallyLoaded:1 Bounds:IsValid=true, Min=(X=954.543 Y=2341.422 Z=90.000), Max=(X=1454.543 Y=2757.422 Z=927.672) RuntimeGrid:None EditorOnly:0 RuntimeOnly:0 HLODRelevant:0
 |   |   |- Guid:5B6F5DEE47C903064C43C296C1B68B8B BaseClass:/Game/Sample/Bluprints/BP_Puerta.BP_Puerta_C NativeClass:/Script/Engine.Actor Name:BP_Puerta_C_UAID_E0D55ED8DBB297AD01_1406058443 Label:BP_Puerta19 SpatiallyLoaded:1 Bounds:IsValid=true, Min=(X=-2945.457 Y=2341.422 Z=90.000), Max=(X=-2445.457 Y=2757.422 Z=927.672) RuntimeGrid:None EditorOnly:0 RuntimeOnly:0 HLODRelevant:0
 |   |   |- Guid:5FE7584649BB6F09265329A6C57CFD0D BaseClass: NativeClass:/Script/Engine.VolumetricCloud Name:VolumetricCloud_0 Label:VolumetricCloud SpatiallyLoaded:0 Bounds:IsValid=true, Min=(X=0.000 Y=0.000 Z=820.000), Max=(X=0.000 Y=0.000 Z=820.000) RuntimeGrid:None EditorOnly:0 RuntimeOnly:0 HLODRelevant:0 FolderPath:Lighting FolderGuid:0BA5F0A04EADB18E70D5B180D08FA34B
 |   |   |- Guid:61391D344900612A77DFC3BA3E354907 BaseClass: NativeClass:/Script/Engine.ExponentialHeightFog Name:ExponentialHeightFog_0 Label:ExponentialHeightFog SpatiallyLoaded:0 Bounds:IsValid=true, Min=(X=-5600.000 Y=-50.000 Z=-6850.000), Max=(X=-5600.000 Y=-50.000 Z=-6850.000) RuntimeGrid:None EditorOnly:0 RuntimeOnly:0 HLODRelevant:0 FolderPath:Lighting FolderGuid:0BA5F0A04EADB18E70D5B180D08FA34B
 |   |   |- Guid:66F742654EA1CA909B866BBB88B5DD90 BaseClass:/Game/Sample/Bluprints/Spawner.Spawner_C NativeClass:/Script/Engine.Actor Name:Spawner_C_UAID_E0D55ED8DBB2A6AF01_1630061181 Label:Spawner6 SpatiallyLoaded:1 Bounds:IsValid=true, Min=(X=-2680.000 Y=-900.000 Z=40.000), Max=(X=-2580.000 Y=-800.000 Z=140.000) RuntimeGrid:None EditorOnly:0 RuntimeOnly:0 HLODRelevant:0
 |   |   |- Guid:6FEFB3BD4EB37B849EF0D4AC80F83855 BaseClass: NativeClass:/Script/Engine.WorldDataLayers Name:WorldDataLayers Label:WorldDataLayers SpatiallyLoaded:0 Bounds:IsValid=true, Min=(X=0.000 Y=0.000 Z=0.000), Max=(X=0.000 Y=0.000 Z=0.000) RuntimeGrid:None EditorOnly:0 RuntimeOnly:0 HLODRelevant:0
 |   |   |- Guid:73D593064D106F3EFCDE89960ACC2F10 BaseClass:/Game/Sample/Bluprints/BP_Puerta.BP_Puerta_C NativeClass:/Script/Engine.Actor Name:BP_Puerta_C_UAID_E0D55ED8DBB297AD01_1486223448 Label:BP_Puerta24 SpatiallyLoaded:1 Bounds:IsValid=true, Min=(X=346.543 Y=2899.422 Z=90.000), Max=(X=762.543 Y=3399.422 Z=927.672) RuntimeGrid:None EditorOnly:0 RuntimeOnly:0 HLODRelevant:0
 |   |   |- Guid:7679385749BA0ED09BC93D9C25472F50 BaseClass: NativeClass:/Script/Engine.StaticMeshActor Name:StaticMeshActor_UAID_B42E999BD68C90AD01_1958362196 Label:CubeGridToolOutput SpatiallyLoaded:1 Bounds:IsValid=true, Min=(X=-3900.000 Y=-1500.000 Z=0.000), Max=(X=1900.000 Y=3800.000 Z=1500.000) RuntimeGrid:None EditorOnly:0 RuntimeOnly:0 HLODRelevant:0 FolderPath:Playground FolderGuid:6C02BB504B69D1F3D7A624B130C18E5B
 |   |   |- Guid:7718056C4CE249634953AD939403F442 BaseClass:/Game/Sample/Bluprints/Spawner.Spawner_C NativeClass:/Script/Engine.Actor Name:Spawner_C_UAID_E0D55ED8DBB2A6AF01_1858293187 Label:Spawner12 SpatiallyLoaded:1 Bounds:IsValid=true, Min=(X=1210.000 Y=1780.000 Z=40.000), Max=(X=1310.000 Y=1880.000 Z=140.000) RuntimeGrid:None EditorOnly:0 RuntimeOnly:0 HLODRelevant:0
 |   |   |- Guid:7B2623774C5774FFCC12C6ADC174136B BaseClass:/Game/Sample/Bluprints/Spawner.Spawner_C NativeClass:/Script/Engine.Actor Name:Spawner_C_UAID_E0D55ED8DBB2A6AF01_1975704190 Label:Spawner15 SpatiallyLoaded:1 Bounds:IsValid=true, Min=(X=-1380.000 Y=420.000 Z=40.000), Max=(X=-1280.000 Y=520.000 Z=140.000) RuntimeGrid:None EditorOnly:0 RuntimeOnly:0 HLODRelevant:0
 |   |   |- Guid:7FE8AE1A4FC190E0E5B0BCB0BB34C018 BaseClass:/Game/Sample/Bluprints/BP_Puerta.BP_Puerta_C NativeClass:/Script/Engine.Actor Name:BP_Puerta_C_UAID_E0D55ED8DBB297AD01_1131311432 Label:BP_Puerta8 SpatiallyLoaded:1 Bounds:IsValid=true, Min=(X=-963.457 Y=1699.422 Z=90.000), Max=(X=-547.457 Y=2099.422 Z=927.672) RuntimeGrid:None EditorOnly:0 RuntimeOnly:0 HLODRelevant:0
 |   |   |- Guid:80378B6F4AB6108F6848E0957A91EEED BaseClass:/Game/Sample/Bluprints/Spawner.Spawner_C NativeClass:/Script/Engine.Actor Name:Spawner_C_UAID_E0D55ED8DBB2A6AF01_1541115178 Label:Spawner3 SpatiallyLoaded:1 Bounds:IsValid=true, Min=(X=1210.000 Y=-880.000 Z=40.000), Max=(X=1310.000 Y=-780.000 Z=140.000) RuntimeGrid:None EditorOnly:0 RuntimeOnly:0 HLODRelevant:0
 |   |   |- Guid:8F05B50C485B56600BC37A9F19615058 BaseClass:/Game/Sample/Bluprints/BP_Puerta.BP_Puerta_C NativeClass:/Script/Engine.Actor Name:BP_Puerta_C_UAID_E0D55ED8DBB295AD01_1099242073 Label:BP_Puerta SpatiallyLoaded:1 Bounds:IsValid=true, Min=(X=-2263.457 Y=399.422 Z=90.000), Max=(X=-1847.457 Y=799.422 Z=927.672) RuntimeGrid:None EditorOnly:0 RuntimeOnly:0 HLODRelevant:0
 |   |   |- Guid:90CFB3C74DDCCDB506D04BBB173C368E BaseClass:/Game/Sample/Bluprints/BP_Puerta.BP_Puerta_C NativeClass:/Script/Engine.Actor Name:BP_Puerta_C_UAID_E0D55ED8DBB297AD01_1253178437 Label:BP_Puerta13 SpatiallyLoaded:1 Bounds:IsValid=true, Min=(X=954.543 Y=-258.578 Z=90.000), Max=(X=1454.543 Y=157.422 Z=927.672) RuntimeGrid:None EditorOnly:0 RuntimeOnly:0 HLODRelevant:0
 |   |   |- Guid:935A24C44C14FC69F6C555A856539B28 BaseClass: NativeClass:/Script/Engine.StaticMeshActor Name:StaticMeshActor_UAID_E0D55ED8DBB2A2AF01_1606618471 Label:Aleatorio SpatiallyLoaded:1 Bounds:IsValid=true, Min=(X=-3300.000 Y=-80.000 Z=-10.000), Max=(X=-2100.000 Y=1220.000 Z=90.000) RuntimeGrid:None EditorOnly:0 RuntimeOnly:0 HLODRelevant:1
 |   |   |- Guid:99E1666B47089C6F71F68AAC3D3055E0 BaseClass:/Game/Sample/Bluprints/BP_Puerta.BP_Puerta_C NativeClass:/Script/Engine.Actor Name:BP_Puerta_C_UAID_E0D55ED8DBB297AD01_1354496441 Label:BP_Puerta17 SpatiallyLoaded:1 Bounds:IsValid=true, Min=(X=-1705.457 Y=1041.422 Z=90.000), Max=(X=-1105.457 Y=1457.422 Z=927.672) RuntimeGrid:None EditorOnly:0 RuntimeOnly:0 HLODRelevant:0
 |   |   |- Guid:9ACED52943D8D20FD1621EB68F8C7130 BaseClass:/Game/Sample/Bluprints/Spawner.Spawner_C NativeClass:/Script/Engine.Actor Name:Spawner_C_UAID_E0D55ED8DBB2A6AF01_1884753188 Label:Spawner13 SpatiallyLoaded:1 Bounds:IsValid=true, Min=(X=-90.000 Y=1770.000 Z=40.000), Max=(X=10.000 Y=1870.000 Z=140.000) RuntimeGrid:None EditorOnly:0 RuntimeOnly:0 HLODRelevant:0
 |   |   |- Guid:A343A51A4842AD2D3176F98018B0E1C9 BaseClass:/Game/Sample/Bluprints/Spawner.Spawner_C NativeClass:/Script/Engine.Actor Name:Spawner_C_UAID_E0D55ED8DBB2A6AF01_1720969183 Label:Spawner8 SpatiallyLoaded:1 Bounds:IsValid=true, Min=(X=-2690.000 Y=3020.000 Z=40.000), Max=(X=-2590.000 Y=3120.000 Z=140.000) RuntimeGrid:None EditorOnly:0 RuntimeOnly:0 HLODRelevant:0
 |   |   |- Guid:A354B1B24E617A525DC6B48CCDE2417E BaseClass: NativeClass:/Script/Engine.PlayerStart Name:PlayerStart_0 Label:PlayerStart SpatiallyLoaded:0 Bounds:IsValid=true, Min=(X=-1234.914 Y=3740.748 Z=818.105), Max=(X=-1154.914 Y=3820.748 Z=1002.105) RuntimeGrid:None EditorOnly:0 RuntimeOnly:0 HLODRelevant:0
 |   |   |- Guid:ABD0760C43557BB3A57CECA034589F52 BaseClass:/Game/Trampa/Trampa.Trampa_C NativeClass:/Script/Engine.Actor Name:Trampa_C_UAID_FC3497E2C17843AF01_2075527751 Label:Trampa SpatiallyLoaded:1 Bounds:IsValid=true, Min=(X=-2833.384 Y=4971.493 Z=4.524), Max=(X=-2466.616 Y=5250.206 Z=252.693) RuntimeGrid:None EditorOnly:0 RuntimeOnly:0 HLODRelevant:0
 |   |   |- Guid:AD4AC4174AAD03880B7BD3B0B17E0DBD BaseClass:/Game/Sample/Bluprints/BP_Puerta.BP_Puerta_C NativeClass:/Script/Engine.Actor Name:BP_Puerta_C_UAID_E0D55ED8DBB297AD01_1523657449 Label:BP_Puerta25 SpatiallyLoaded:1 Bounds:IsValid=true, Min=(X=-345.457 Y=-258.578 Z=90.000), Max=(X=154.543 Y=157.422 Z=927.672) RuntimeGrid:None EditorOnly:0 RuntimeOnly:0 HLODRelevant:0
 |   |   |- Guid:B6DB39A04EA1E2E811FD138750AAD2F8 BaseClass:/Game/Sample/Bluprints/BP_Puerta.BP_Puerta_C NativeClass:/Script/Engine.Actor Name:BP_Puerta_C_UAID_E0D55ED8DBB296AD01_2072175251 Label:BP_Puerta3 SpatiallyLoaded:1 Bounds:IsValid=true, Min=(X=-963.457 Y=399.422 Z=90.000), Max=(X=-547.457 Y=799.422 Z=927.672) RuntimeGrid:None EditorOnly:0 RuntimeOnly:0 HLODRelevant:0
 |   |   |- Guid:B79B11BE4C677C930CE4ABA2578F3009 BaseClass:/Game/PisoMuerteInst/MuerteInst.MuerteInst_C NativeClass:/Script/Engine.Actor Name:MuerteInst_C_UAID_FC3497E2C178A1AF01_1408949296 Label:MuerteInst SpatiallyLoaded:1 Bounds:IsValid=true, Min=(X=-4766.000 Y=-2876.000 Z=-1776.000), Max=(X=2946.000 Y=4836.000 Z=-1744.000) RuntimeGrid:None EditorOnly:0 RuntimeOnly:0 HLODRelevant:0
 |   |   |- Guid:BBAF1A104E1F41B01B9A6D87C94FE8AE BaseClass:/Game/Sample/Bluprints/Spawner.Spawner_C NativeClass:/Script/Engine.Actor Name:Spawner_C_UAID_E0D55ED8DBB2A6AF01_1750243184 Label:Spawner9 SpatiallyLoaded:1 Bounds:IsValid=true, Min=(X=-1380.000 Y=3020.000 Z=40.000), Max=(X=-1280.000 Y=3120.000 Z=140.000) RuntimeGrid:None EditorOnly:0 RuntimeOnly:0 HLODRelevant:0
 |   |   |- Guid:BC6FBC3544B7C4A04F632EAEAD149D67 BaseClass:/Game/Habitacion_Victoria/Puertas/BP_puerta.BP_puerta_C NativeClass:/Script/Engine.Actor Name:BP_puerta_C_UAID_B42E999BD68C9EAF01_1511750774 Label:BP_puerta27 SpatiallyLoaded:1 Bounds:IsValid=true, Min=(X=-250.000 Y=4746.760 Z=110.000), Max=(X=50.000 Y=4953.240 Z=410.000) RuntimeGrid:None EditorOnly:0 RuntimeOnly:0 HLODRelevant:0
 |   |   |- Guid:C0C56B9644AE3D40CAFF6A878DB29844 BaseClass: NativeClass:/Script/Engine.StaticMeshActor Name:StaticMeshActor_UAID_A4AE111137DC5EFB00_2001720423 Label:SM_SkySphere SpatiallyLoaded:0 Bounds:IsValid=true, Min=(X=-1638910.000 Y=-1637169.152 Z=-1636040.000), Max=(X=1637890.000 Y=1647822.848 Z=1640760.000) RuntimeGrid:None EditorOnly:0 RuntimeOnly:0 HLODRelevant:1 FolderPath:Lighting FolderGuid:0BA5F0A04EADB18E70D5B180D08FA34B
 |   |   |- Guid:C22CE07C4B87D685137FDBBC10FC92C6 BaseClass: NativeClass:/Script/Engine.SkyAtmosphere Name:SkyAtmosphere_0 Label:SkyAtmosphere SpatiallyLoaded:0 Bounds:IsValid=true, Min=(X=0.000 Y=0.000 Z=1020.000), Max=(X=0.000 Y=0.000 Z=1020.000) RuntimeGrid:None EditorOnly:0 RuntimeOnly:0 HLODRelevant:0 FolderPath:Lighting FolderGuid:0BA5F0A04EADB18E70D5B180D08FA34B
 |   |   |- Guid:C6A53D8D4F7FD37FE9590AAD6BF93D57 BaseClass:/Game/Sample/Bluprints/BP_Puerta.BP_Puerta_C NativeClass:/Script/Engine.Actor Name:BP_Puerta_C_UAID_E0D55ED8DBB297AD01_1434399445 Label:BP_Puerta21 SpatiallyLoaded:1 Bounds:IsValid=true, Min=(X=-2945.457 Y=-258.578 Z=90.000), Max=(X=-2445.457 Y=157.422 Z=927.672) RuntimeGrid:None EditorOnly:0 RuntimeOnly:0 HLODRelevant:0
 |   |   |- Guid:CB27458F4B7F645E464E4EB03B650D98 BaseClass: NativeClass:/Script/NavigationSystem.RecastNavMesh Name:RecastNavMesh_UAID_FC3497E54BE796AD01-Default Label:RecastNavMesh-Default SpatiallyLoaded:0 Bounds:IsValid=true, Min=(X=0.000 Y=0.000 Z=-110.000), Max=(X=0.000 Y=0.000 Z=-110.000) RuntimeGrid:None EditorOnly:0 RuntimeOnly:0 HLODRelevant:0
 |   |   |- Guid:CE8D82634660FCDB3120E2B8D547C533 BaseClass: NativeClass:/Script/Engine.PostProcessVolume Name:PostProcessVolume_0 Label:PostProcessVolume SpatiallyLoaded:0 Bounds:IsValid=true, Min=(X=0.000 Y=0.000 Z=400.000), Max=(X=200.000 Y=200.000 Z=600.000) RuntimeGrid:None EditorOnly:0 RuntimeOnly:0 HLODRelevant:0 FolderPath:Lighting FolderGuid:0BA5F0A04EADB18E70D5B180D08FA34B
 |   |   |- Guid:D1D1FF8141E80311048EDFBEBAA06474 BaseClass:/Game/Habitacion_Victoria/Puertas/BP_puerta.BP_puerta_C NativeClass:/Script/Engine.Actor Name:BP_puerta_C_UAID_B42E999BD68C9AAF01_1212583067 Label:BP_puerta2 SpatiallyLoaded:1 Bounds:IsValid=true, Min=(X=-250.000 Y=5196.760 Z=110.000), Max=(X=50.000 Y=5403.240 Z=410.000) RuntimeGrid:None EditorOnly:0 RuntimeOnly:0 HLODRelevant:0
 |   |   |- Guid:D6063B3F496CD92003ADF19339A86825 BaseClass:/Game/Sample/Bluprints/Spawner.Spawner_C NativeClass:/Script/Engine.Actor Name:Spawner_C_UAID_E0D55ED8DBB2A6AF01_1458816176 Label:Spawner SpatiallyLoaded:1 Bounds:IsValid=true, Min=(X=-90.000 Y=520.000 Z=40.000), Max=(X=10.000 Y=620.000 Z=140.000) RuntimeGrid:None EditorOnly:0 RuntimeOnly:0 HLODRelevant:0
 |   |   |- Guid:D6115A6940D0BC0504ECCBBB4E059A86 BaseClass:/Game/Habitacion_Victoria/Puertas/BP_puerta.BP_puerta_C NativeClass:/Script/Engine.Actor Name:BP_puerta_C_UAID_B42E999BD68C9EAF01_1548642775 Label:BP_puerta28 SpatiallyLoaded:1 Bounds:IsValid=true, Min=(X=16.760 Y=4930.000 Z=110.000), Max=(X=223.240 Y=5230.000 Z=410.000) RuntimeGrid:None EditorOnly:0 RuntimeOnly:0 HLODRelevant:0
 |   |   |- Guid:E06E181D412BF0A9BE02C7B514F17204 BaseClass:/Game/Habitacion_Victoria/Puertas/BP_puerta.BP_puerta_C NativeClass:/Script/Engine.Actor Name:BP_puerta_C_UAID_B42E999BD68C9EAF01_1476001773 Label:BP_puerta26 SpatiallyLoaded:1 Bounds:IsValid=true, Min=(X=-423.240 Y=4930.000 Z=110.000), Max=(X=-216.760 Y=5230.000 Z=410.000) RuntimeGrid:None EditorOnly:0 RuntimeOnly:0 HLODRelevant:0
 |   |   |- Guid:E157A4ED454BA3EBEB1123AEDF54C99A BaseClass:/Game/Sample/Bluprints/Spawner.Spawner_C NativeClass:/Script/Engine.Actor Name:Spawner_C_UAID_E0D55ED8DBB2A6AF01_1597366180 Label:Spawner5 SpatiallyLoaded:1 Bounds:IsValid=true, Min=(X=-1380.000 Y=-890.000 Z=40.000), Max=(X=-1280.000 Y=-790.000 Z=140.000) RuntimeGrid:None EditorOnly:0 RuntimeOnly:0 HLODRelevant:0
 |   |   |- Guid:E46D14FD4BE65B893A5BB08302F3FFD4 BaseClass:/Game/Sample/Bluprints/BP_Puerta.BP_Puerta_C NativeClass:/Script/Engine.Actor Name:BP_Puerta_C_UAID_E0D55ED8DBB297AD01_1344642440 Label:BP_Puerta16 SpatiallyLoaded:1 Bounds:IsValid=true, Min=(X=-1705.457 Y=2341.422 Z=90.000), Max=(X=-1105.457 Y=2757.422 Z=927.672) RuntimeGrid:None EditorOnly:0 RuntimeOnly:0 HLODRelevant:0
 |   |   |- Guid:E5320C1B4FD9764CE7B54D8487AEC613 BaseClass: NativeClass:/Script/Engine.SkyLight Name:SkyLight_0 Label:SkyLight SpatiallyLoaded:0 Bounds:IsValid=true, Min=(X=0.000 Y=0.000 Z=690.000), Max=(X=0.000 Y=0.000 Z=690.000) RuntimeGrid:None EditorOnly:0 RuntimeOnly:0 HLODRelevant:0 FolderPath:Lighting FolderGuid:0BA5F0A04EADB18E70D5B180D08FA34B
 |   |   |- Guid:E5C829554599FCE383A069BFEDC7CEC0 BaseClass:/Game/Blueprints/BP_Hacha.BP_Hacha_C NativeClass:/Script/Engine.Actor Name:BP_Hacha_C_UAID_309C23AD925F78AF01_2125852081 Label:BP_Hacha SpatiallyLoaded:1 Bounds:IsValid=true, Min=(X=-2696.000 Y=804.000 Z=136.434), Max=(X=-2664.000 Y=836.000 Z=187.429) RuntimeGrid:None EditorOnly:0 RuntimeOnly:0 HLODRelevant:0
 |   |   |- Guid:E5D4903041037D08E01890AFB1C11F8F BaseClass:/Game/Sample/Bluprints/Spawner.Spawner_C NativeClass:/Script/Engine.Actor Name:Spawner_C_UAID_E0D55ED8DBB2A6AF01_1514243177 Label:Spawner2 SpatiallyLoaded:1 Bounds:IsValid=true, Min=(X=1200.000 Y=470.000 Z=40.000), Max=(X=1300.000 Y=570.000 Z=140.000) RuntimeGrid:None EditorOnly:0 RuntimeOnly:0 HLODRelevant:0
 |   |   |- Guid:E69442104C44AFA6C4D047A02AB0BBFB BaseClass:/Game/Sample/Bluprints/Spawner.Spawner_C NativeClass:/Script/Engine.Actor Name:Spawner_C_UAID_E0D55ED8DBB2A6AF01_1827842186 Label:Spawner11 SpatiallyLoaded:1 Bounds:IsValid=true, Min=(X=1210.000 Y=3020.000 Z=40.000), Max=(X=1310.000 Y=3120.000 Z=140.000) RuntimeGrid:None EditorOnly:0 RuntimeOnly:0 HLODRelevant:0
 |   |   |- Guid:E77488A947BD178E2A0B1D8A8F1B8DC0 BaseClass:/Game/Sample/Bluprints/BP_Puerta.BP_Puerta_C NativeClass:/Script/Engine.Actor Name:BP_Puerta_C_UAID_E0D55ED8DBB297AD01_1273632438 Label:BP_Puerta14 SpatiallyLoaded:1 Bounds:IsValid=true, Min=(X=-345.457 Y=1041.422 Z=90.000), Max=(X=154.543 Y=1457.422 Z=927.672) RuntimeGrid:None EditorOnly:0 RuntimeOnly:0 HLODRelevant:0
 |   |   |- Guid:E7C5322E45786B4633BB34939C23DCCD BaseClass:/Game/Sample/Bluprints/BP_Puerta.BP_Puerta_C NativeClass:/Script/Engine.Actor Name:BP_Puerta_C_UAID_E0D55ED8DBB297AD01_1227623436 Label:BP_Puerta12 SpatiallyLoaded:1 Bounds:IsValid=true, Min=(X=954.543 Y=1041.422 Z=90.000), Max=(X=1454.543 Y=1457.422 Z=927.672) RuntimeGrid:None EditorOnly:0 RuntimeOnly:0 HLODRelevant:0
 |   |   |- Guid:EB4075DB4FCC1AC235C698961C5191EE BaseClass:/Game/Sample/Bluprints/Spawner.Spawner_C NativeClass:/Script/Engine.Actor Name:Spawner_C_UAID_E0D55ED8DBB2A6AF01_1929478189 Label:Spawner14 SpatiallyLoaded:1 Bounds:IsValid=true, Min=(X=-1380.000 Y=1770.000 Z=40.000), Max=(X=-1280.000 Y=1870.000 Z=140.000) RuntimeGrid:None EditorOnly:0 RuntimeOnly:0 HLODRelevant:0
 |   |   |- Guid:EBFD33F0449F00FB6ED0C6B868453AE3 BaseClass:/Game/Sample/Bluprints/BP_Puerta.BP_Puerta_C NativeClass:/Script/Engine.Actor Name:BP_Puerta_C_UAID_E0D55ED8DBB296AD01_2129904253 Label:BP_Puerta5 SpatiallyLoaded:1 Bounds:IsValid=true, Min=(X=-2263.457 Y=-1000.578 Z=90.000), Max=(X=-1847.457 Y=-500.578 Z=927.672) RuntimeGrid:None EditorOnly:0 RuntimeOnly:0 HLODRelevant:0
 |   |   |- Guid:EE66F4454A4A9F99393F559AB739C05E BaseClass:/Game/FirstPerson/Blueprints/BP_Pickup_Rifle.BP_Pickup_Rifle_C NativeClass:/Script/Engine.Actor Name:BP_Rifle_C_1 Label:BP_Pickup_Rifle SpatiallyLoaded:1 Bounds:IsValid=true, Min=(X=-3392.000 Y=708.000 Z=154.000), Max=(X=-3328.000 Y=797.440 Z=218.000) RuntimeGrid:None EditorOnly:0 RuntimeOnly:0 HLODRelevant:0
 |   |   |- Guid:F80621C9446867154938FE81375207DA BaseClass: NativeClass:/Script/Engine.DirectionalLight Name:DirectionalLight_1 Label:DirectionalLight SpatiallyLoaded:0 Bounds:IsValid=true, Min=(X=-1048576.000 Y=-1048576.000 Z=-1048576.000), Max=(X=1048576.000 Y=1048576.000 Z=1048576.000) RuntimeGrid:None EditorOnly:0 RuntimeOnly:0 HLODRelevant:0 FolderPath:Lighting FolderGuid:0BA5F0A04EADB18E70D5B180D08FA34B
 |   |   |- Guid:F8072D9846FAC303FA0E0C9E038B4452 BaseClass:/Game/Sample/Bluprints/BP_Puerta.BP_Puerta_C NativeClass:/Script/Engine.Actor Name:BP_Puerta_C_UAID_E0D55ED8DBB297AD01_1457535446 Label:BP_Puerta22 SpatiallyLoaded:1 Bounds:IsValid=true, Min=(X=-2263.457 Y=2899.422 Z=90.000), Max=(X=-1847.457 Y=3399.422 Z=927.672) RuntimeGrid:None EditorOnly:0 RuntimeOnly:0 HLODRelevant:0
 |   |   |- Guid:F86ED7A44BC418D07FCC38A820C88914 BaseClass:/Game/Sample/Bluprints/BP_Puerta.BP_Puerta_C NativeClass:/Script/Engine.Actor Name:BP_Puerta_C_UAID_E0D55ED8DBB297AD01_1472377447 Label:BP_Puerta23 SpatiallyLoaded:1 Bounds:IsValid=true, Min=(X=-963.457 Y=2899.422 Z=90.000), Max=(X=-547.457 Y=3399.422 Z=927.672) RuntimeGrid:None EditorOnly:0 RuntimeOnly:0 HLODRelevant:0
 |   |   |- Guid:FCD6DB5043255CC222FB6B8A15BEE339 BaseClass:/Game/Characters/NPC_BH/NPC_BT/BP/BPC_NPC_Demon.BPC_NPC_Demon_C NativeClass:/Script/Engine.Character Name:BPC_NPC_Demon_C_UAID_FC3497E54BE790AF01_1167933303 Label:BPC_NPC_Demon SpatiallyLoaded:1 Bounds:IsValid=true, Min=(X=-2407.182 Y=5147.773 Z=100.000), Max=(X=-2332.818 Y=5231.454 Z=282.694) RuntimeGrid:None EditorOnly:0 RuntimeOnly:0 HLODRelevant:0
 |   |- [+] Clusters:
 |   |   |- [+] [  0]
 |   |   |   |- Guid:FCD6DB5043255CC222FB6B8A15BEE339 BaseClass:/Game/Characters/NPC_BH/NPC_BT/BP/BPC_NPC_Demon.BPC_NPC_Demon_C NativeClass:/Script/Engine.Character Name:BPC_NPC_Demon_C_UAID_FC3497E54BE790AF01_1167933303 Label:BPC_NPC_Demon SpatiallyLoaded:1 Bounds:IsValid=true, Min=(X=-2407.182 Y=5147.773 Z=100.000), Max=(X=-2332.818 Y=5231.454 Z=282.694) RuntimeGrid:None EditorOnly:0 RuntimeOnly:0 HLODRelevant:0
 |   |   |- [+] [  1]
 |   |   |   |- Guid:61391D344900612A77DFC3BA3E354907 BaseClass: NativeClass:/Script/Engine.ExponentialHeightFog Name:ExponentialHeightFog_0 Label:ExponentialHeightFog SpatiallyLoaded:0 Bounds:IsValid=true, Min=(X=-5600.000 Y=-50.000 Z=-6850.000), Max=(X=-5600.000 Y=-50.000 Z=-6850.000) RuntimeGrid:None EditorOnly:0 RuntimeOnly:0 HLODRelevant:0 FolderPath:Lighting FolderGuid:0BA5F0A04EADB18E70D5B180D08FA34B
 |   |   |- [+] [  2]
 |   |   |   |- Guid:5FE7584649BB6F09265329A6C57CFD0D BaseClass: NativeClass:/Script/Engine.VolumetricCloud Name:VolumetricCloud_0 Label:VolumetricCloud SpatiallyLoaded:0 Bounds:IsValid=true, Min=(X=0.000 Y=0.000 Z=820.000), Max=(X=0.000 Y=0.000 Z=820.000) RuntimeGrid:None EditorOnly:0 RuntimeOnly:0 HLODRelevant:0 FolderPath:Lighting FolderGuid:0BA5F0A04EADB18E70D5B180D08FA34B
 |   |   |- [+] [  3]
 |   |   |   |- Guid:2C316A8744B6F058739CF9AF4C1DEA75 BaseClass:/Game/Sample/Bluprints/Spawner.Spawner_C NativeClass:/Script/Engine.Actor Name:Spawner_C_UAID_E0D55ED8DBB2A6AF01_1785503185 Label:Spawner10 SpatiallyLoaded:1 Bounds:IsValid=true, Min=(X=-90.000 Y=3020.000 Z=40.000), Max=(X=10.000 Y=3120.000 Z=140.000) RuntimeGrid:None EditorOnly:0 RuntimeOnly:0 HLODRelevant:0
 |   |   |- [+] [  4]
 |   |   |   |- Guid:F80621C9446867154938FE81375207DA BaseClass: NativeClass:/Script/Engine.DirectionalLight Name:DirectionalLight_1 Label:DirectionalLight SpatiallyLoaded:0 Bounds:IsValid=true, Min=(X=-1048576.000 Y=-1048576.000 Z=-1048576.000), Max=(X=1048576.000 Y=1048576.000 Z=1048576.000) RuntimeGrid:None EditorOnly:0 RuntimeOnly:0 HLODRelevant:0 FolderPath:Lighting FolderGuid:0BA5F0A04EADB18E70D5B180D08FA34B
 |   |   |- [+] [  5]
 |   |   |   |- Guid:33D3BB434070CE2C047DCB98D855A7BD BaseClass:/Game/Sample/Bluprints/BP_Puerta.BP_Puerta_C NativeClass:/Script/Engine.Actor Name:BP_Puerta_C_UAID_E0D55ED8DBB297AD01_1375406442 Label:BP_Puerta18 SpatiallyLoaded:1 Bounds:IsValid=true, Min=(X=-1705.457 Y=-258.578 Z=90.000), Max=(X=-1105.457 Y=157.422 Z=927.672) RuntimeGrid:None EditorOnly:0 RuntimeOnly:0 HLODRelevant:0
 |   |   |- [+] [  6]
 |   |   |   |- Guid:73D593064D106F3EFCDE89960ACC2F10 BaseClass:/Game/Sample/Bluprints/BP_Puerta.BP_Puerta_C NativeClass:/Script/Engine.Actor Name:BP_Puerta_C_UAID_E0D55ED8DBB297AD01_1486223448 Label:BP_Puerta24 SpatiallyLoaded:1 Bounds:IsValid=true, Min=(X=346.543 Y=2899.422 Z=90.000), Max=(X=762.543 Y=3399.422 Z=927.672) RuntimeGrid:None EditorOnly:0 RuntimeOnly:0 HLODRelevant:0
 |   |   |- [+] [  7]
 |   |   |   |- Guid:B6DB39A04EA1E2E811FD138750AAD2F8 BaseClass:/Game/Sample/Bluprints/BP_Puerta.BP_Puerta_C NativeClass:/Script/Engine.Actor Name:BP_Puerta_C_UAID_E0D55ED8DBB296AD01_2072175251 Label:BP_Puerta3 SpatiallyLoaded:1 Bounds:IsValid=true, Min=(X=-963.457 Y=399.422 Z=90.000), Max=(X=-547.457 Y=799.422 Z=927.672) RuntimeGrid:None EditorOnly:0 RuntimeOnly:0 HLODRelevant:0
 |   |   |- [+] [  8]
 |   |   |   |- Guid:99E1666B47089C6F71F68AAC3D3055E0 BaseClass:/Game/Sample/Bluprints/BP_Puerta.BP_Puerta_C NativeClass:/Script/Engine.Actor Name:BP_Puerta_C_UAID_E0D55ED8DBB297AD01_1354496441 Label:BP_Puerta17 SpatiallyLoaded:1 Bounds:IsValid=true, Min=(X=-1705.457 Y=1041.422 Z=90.000), Max=(X=-1105.457 Y=1457.422 Z=927.672) RuntimeGrid:None EditorOnly:0 RuntimeOnly:0 HLODRelevant:0
 |   |   |- [+] [  9]
 |   |   |   |- Guid:BBAF1A104E1F41B01B9A6D87C94FE8AE BaseClass:/Game/Sample/Bluprints/Spawner.Spawner_C NativeClass:/Script/Engine.Actor Name:Spawner_C_UAID_E0D55ED8DBB2A6AF01_1750243184 Label:Spawner9 SpatiallyLoaded:1 Bounds:IsValid=true, Min=(X=-1380.000 Y=3020.000 Z=40.000), Max=(X=-1280.000 Y=3120.000 Z=140.000) RuntimeGrid:None EditorOnly:0 RuntimeOnly:0 HLODRelevant:0
 |   |   |- [+] [ 10]
 |   |   |   |- Guid:E77488A947BD178E2A0B1D8A8F1B8DC0 BaseClass:/Game/Sample/Bluprints/BP_Puerta.BP_Puerta_C NativeClass:/Script/Engine.Actor Name:BP_Puerta_C_UAID_E0D55ED8DBB297AD01_1273632438 Label:BP_Puerta14 SpatiallyLoaded:1 Bounds:IsValid=true, Min=(X=-345.457 Y=1041.422 Z=90.000), Max=(X=154.543 Y=1457.422 Z=927.672) RuntimeGrid:None EditorOnly:0 RuntimeOnly:0 HLODRelevant:0
 |   |   |- [+] [ 11]
 |   |   |   |- Guid:AD4AC4174AAD03880B7BD3B0B17E0DBD BaseClass:/Game/Sample/Bluprints/BP_Puerta.BP_Puerta_C NativeClass:/Script/Engine.Actor Name:BP_Puerta_C_UAID_E0D55ED8DBB297AD01_1523657449 Label:BP_Puerta25 SpatiallyLoaded:1 Bounds:IsValid=true, Min=(X=-345.457 Y=-258.578 Z=90.000), Max=(X=154.543 Y=157.422 Z=927.672) RuntimeGrid:None EditorOnly:0 RuntimeOnly:0 HLODRelevant:0
 |   |   |- [+] [ 12]
 |   |   |   |- Guid:90CFB3C74DDCCDB506D04BBB173C368E BaseClass:/Game/Sample/Bluprints/BP_Puerta.BP_Puerta_C NativeClass:/Script/Engine.Actor Name:BP_Puerta_C_UAID_E0D55ED8DBB297AD01_1253178437 Label:BP_Puerta13 SpatiallyLoaded:1 Bounds:IsValid=true, Min=(X=954.543 Y=-258.578 Z=90.000), Max=(X=1454.543 Y=157.422 Z=927.672) RuntimeGrid:None EditorOnly:0 RuntimeOnly:0 HLODRelevant:0
 |   |   |- [+] [ 13]
 |   |   |   |- Guid:935A24C44C14FC69F6C555A856539B28 BaseClass: NativeClass:/Script/Engine.StaticMeshActor Name:StaticMeshActor_UAID_E0D55ED8DBB2A2AF01_1606618471 Label:Aleatorio SpatiallyLoaded:1 Bounds:IsValid=true, Min=(X=-3300.000 Y=-80.000 Z=-10.000), Max=(X=-2100.000 Y=1220.000 Z=90.000) RuntimeGrid:None EditorOnly:0 RuntimeOnly:0 HLODRelevant:1
 |   |   |- [+] [ 14]
 |   |   |   |- Guid:D6063B3F496CD92003ADF19339A86825 BaseClass:/Game/Sample/Bluprints/Spawner.Spawner_C NativeClass:/Script/Engine.Actor Name:Spawner_C_UAID_E0D55ED8DBB2A6AF01_1458816176 Label:Spawner SpatiallyLoaded:1 Bounds:IsValid=true, Min=(X=-90.000 Y=520.000 Z=40.000), Max=(X=10.000 Y=620.000 Z=140.000) RuntimeGrid:None EditorOnly:0 RuntimeOnly:0 HLODRelevant:0
 |   |   |- [+] [ 15]
 |   |   |   |- Guid:3852AE6A4A35017DD2D53FBD2F8BE443 BaseClass:/Game/Sample/Bluprints/BP_Puerta.BP_Puerta_C NativeClass:/Script/Engine.Actor Name:BP_Puerta_C_UAID_E0D55ED8DBB297AD01_1299426439 Label:BP_Puerta15 SpatiallyLoaded:1 Bounds:IsValid=true, Min=(X=-345.457 Y=2341.422 Z=90.000), Max=(X=154.543 Y=2757.422 Z=927.672) RuntimeGrid:None EditorOnly:0 RuntimeOnly:0 HLODRelevant:0
 |   |   |- [+] [ 16]
 |   |   |   |- Guid:251FCD6741BBB9C57273BDA72E21FD67 BaseClass: NativeClass:/Script/NavigationSystem.NavMeshBoundsVolume Name:NavMeshBoundsVolume_UAID_FC3497E54BE796AD01_1181668247 Label:NavMeshBoundsVolume SpatiallyLoaded:0 Bounds:IsValid=true, Min=(X=-3289.328 Y=-1402.607 Z=31.297), Max=(X=1769.328 Y=3702.607 Z=528.703) RuntimeGrid:None EditorOnly:0 RuntimeOnly:0 HLODRelevant:0
 |   |   |- [+] [ 17]
 |   |   |   |- Guid:EB4075DB4FCC1AC235C698961C5191EE BaseClass:/Game/Sample/Bluprints/Spawner.Spawner_C NativeClass:/Script/Engine.Actor Name:Spawner_C_UAID_E0D55ED8DBB2A6AF01_1929478189 Label:Spawner14 SpatiallyLoaded:1 Bounds:IsValid=true, Min=(X=-1380.000 Y=1770.000 Z=40.000), Max=(X=-1280.000 Y=1870.000 Z=140.000) RuntimeGrid:None EditorOnly:0 RuntimeOnly:0 HLODRelevant:0
 |   |   |- [+] [ 18]
 |   |   |   |- Guid:E46D14FD4BE65B893A5BB08302F3FFD4 BaseClass:/Game/Sample/Bluprints/BP_Puerta.BP_Puerta_C NativeClass:/Script/Engine.Actor Name:BP_Puerta_C_UAID_E0D55ED8DBB297AD01_1344642440 Label:BP_Puerta16 SpatiallyLoaded:1 Bounds:IsValid=true, Min=(X=-1705.457 Y=2341.422 Z=90.000), Max=(X=-1105.457 Y=2757.422 Z=927.672) RuntimeGrid:None EditorOnly:0 RuntimeOnly:0 HLODRelevant:0
 |   |   |- [+] [ 19]
 |   |   |   |- Guid:7FE8AE1A4FC190E0E5B0BCB0BB34C018 BaseClass:/Game/Sample/Bluprints/BP_Puerta.BP_Puerta_C NativeClass:/Script/Engine.Actor Name:BP_Puerta_C_UAID_E0D55ED8DBB297AD01_1131311432 Label:BP_Puerta8 SpatiallyLoaded:1 Bounds:IsValid=true, Min=(X=-963.457 Y=1699.422 Z=90.000), Max=(X=-547.457 Y=2099.422 Z=927.672) RuntimeGrid:None EditorOnly:0 RuntimeOnly:0 HLODRelevant:0
 |   |   |- [+] [ 20]
 |   |   |   |- Guid:E06E181D412BF0A9BE02C7B514F17204 BaseClass:/Game/Habitacion_Victoria/Puertas/BP_puerta.BP_puerta_C NativeClass:/Script/Engine.Actor Name:BP_puerta_C_UAID_B42E999BD68C9EAF01_1476001773 Label:BP_puerta26 SpatiallyLoaded:1 Bounds:IsValid=true, Min=(X=-423.240 Y=4930.000 Z=110.000), Max=(X=-216.760 Y=5230.000 Z=410.000) RuntimeGrid:None EditorOnly:0 RuntimeOnly:0 HLODRelevant:0
 |   |   |- [+] [ 21]
 |   |   |   |- Guid:EE66F4454A4A9F99393F559AB739C05E BaseClass:/Game/FirstPerson/Blueprints/BP_Pickup_Rifle.BP_Pickup_Rifle_C NativeClass:/Script/Engine.Actor Name:BP_Rifle_C_1 Label:BP_Pickup_Rifle SpatiallyLoaded:1 Bounds:IsValid=true, Min=(X=-3392.000 Y=708.000 Z=154.000), Max=(X=-3328.000 Y=797.440 Z=218.000) RuntimeGrid:None EditorOnly:0 RuntimeOnly:0 HLODRelevant:0
 |   |   |- [+] [ 22]
 |   |   |   |- Guid:E157A4ED454BA3EBEB1123AEDF54C99A BaseClass:/Game/Sample/Bluprints/Spawner.Spawner_C NativeClass:/Script/Engine.Actor Name:Spawner_C_UAID_E0D55ED8DBB2A6AF01_1597366180 Label:Spawner5 SpatiallyLoaded:1 Bounds:IsValid=true, Min=(X=-1380.000 Y=-890.000 Z=40.000), Max=(X=-1280.000 Y=-790.000 Z=140.000) RuntimeGrid:None EditorOnly:0 RuntimeOnly:0 HLODRelevant:0
 |   |   |- [+] [ 23]
 |   |   |   |- Guid:5B6F5DEE47C903064C43C296C1B68B8B BaseClass:/Game/Sample/Bluprints/BP_Puerta.BP_Puerta_C NativeClass:/Script/Engine.Actor Name:BP_Puerta_C_UAID_E0D55ED8DBB297AD01_1406058443 Label:BP_Puerta19 SpatiallyLoaded:1 Bounds:IsValid=true, Min=(X=-2945.457 Y=2341.422 Z=90.000), Max=(X=-2445.457 Y=2757.422 Z=927.672) RuntimeGrid:None EditorOnly:0 RuntimeOnly:0 HLODRelevant:0
 |   |   |- [+] [ 24]
 |   |   |   |- Guid:24775A5F41BFEBEFD28A4D8CB488F341 BaseClass:/Game/Sample/Bluprints/BP_Puerta.BP_Puerta_C NativeClass:/Script/Engine.Actor Name:BP_Puerta_C_UAID_E0D55ED8DBB296AD01_2089907252 Label:BP_Puerta4 SpatiallyLoaded:1 Bounds:IsValid=true, Min=(X=346.543 Y=399.422 Z=90.000), Max=(X=762.543 Y=799.422 Z=927.672) RuntimeGrid:None EditorOnly:0 RuntimeOnly:0 HLODRelevant:0
 |   |   |- [+] [ 25]
 |   |   |   |- Guid:A343A51A4842AD2D3176F98018B0E1C9 BaseClass:/Game/Sample/Bluprints/Spawner.Spawner_C NativeClass:/Script/Engine.Actor Name:Spawner_C_UAID_E0D55ED8DBB2A6AF01_1720969183 Label:Spawner8 SpatiallyLoaded:1 Bounds:IsValid=true, Min=(X=-2690.000 Y=3020.000 Z=40.000), Max=(X=-2590.000 Y=3120.000 Z=140.000) RuntimeGrid:None EditorOnly:0 RuntimeOnly:0 HLODRelevant:0
 |   |   |- [+] [ 26]
 |   |   |   |- Guid:E5320C1B4FD9764CE7B54D8487AEC613 BaseClass: NativeClass:/Script/Engine.SkyLight Name:SkyLight_0 Label:SkyLight SpatiallyLoaded:0 Bounds:IsValid=true, Min=(X=0.000 Y=0.000 Z=690.000), Max=(X=0.000 Y=0.000 Z=690.000) RuntimeGrid:None EditorOnly:0 RuntimeOnly:0 HLODRelevant:0 FolderPath:Lighting FolderGuid:0BA5F0A04EADB18E70D5B180D08FA34B
 |   |   |- [+] [ 27]
 |   |   |   |- Guid:EBFD33F0449F00FB6ED0C6B868453AE3 BaseClass:/Game/Sample/Bluprints/BP_Puerta.BP_Puerta_C NativeClass:/Script/Engine.Actor Name:BP_Puerta_C_UAID_E0D55ED8DBB296AD01_2129904253 Label:BP_Puerta5 SpatiallyLoaded:1 Bounds:IsValid=true, Min=(X=-2263.457 Y=-1000.578 Z=90.000), Max=(X=-1847.457 Y=-500.578 Z=927.672) RuntimeGrid:None EditorOnly:0 RuntimeOnly:0 HLODRelevant:0
 |   |   |- [+] [ 28]
 |   |   |   |- Guid:E7C5322E45786B4633BB34939C23DCCD BaseClass:/Game/Sample/Bluprints/BP_Puerta.BP_Puerta_C NativeClass:/Script/Engine.Actor Name:BP_Puerta_C_UAID_E0D55ED8DBB297AD01_1227623436 Label:BP_Puerta12 SpatiallyLoaded:1 Bounds:IsValid=true, Min=(X=954.543 Y=1041.422 Z=90.000), Max=(X=1454.543 Y=1457.422 Z=927.672) RuntimeGrid:None EditorOnly:0 RuntimeOnly:0 HLODRelevant:0
 |   |   |- [+] [ 29]
 |   |   |   |- Guid:7679385749BA0ED09BC93D9C25472F50 BaseClass: NativeClass:/Script/Engine.StaticMeshActor Name:StaticMeshActor_UAID_B42E999BD68C90AD01_1958362196 Label:CubeGridToolOutput SpatiallyLoaded:1 Bounds:IsValid=true, Min=(X=-3900.000 Y=-1500.000 Z=0.000), Max=(X=1900.000 Y=3800.000 Z=1500.000) RuntimeGrid:None EditorOnly:0 RuntimeOnly:0 HLODRelevant:0 FolderPath:Playground FolderGuid:6C02BB504B69D1F3D7A624B130C18E5B
 |   |   |- [+] [ 30]
 |   |   |   |- Guid:8F05B50C485B56600BC37A9F19615058 BaseClass:/Game/Sample/Bluprints/BP_Puerta.BP_Puerta_C NativeClass:/Script/Engine.Actor Name:BP_Puerta_C_UAID_E0D55ED8DBB295AD01_1099242073 Label:BP_Puerta SpatiallyLoaded:1 Bounds:IsValid=true, Min=(X=-2263.457 Y=399.422 Z=90.000), Max=(X=-1847.457 Y=799.422 Z=927.672) RuntimeGrid:None EditorOnly:0 RuntimeOnly:0 HLODRelevant:0
 |   |   |- [+] [ 31]
 |   |   |   |- Guid:0C1D1A0F4F1C5D415885B5A3DD1C89A1 BaseClass:/Game/Sample/Bluprints/BP_Puerta.BP_Puerta_C NativeClass:/Script/Engine.Actor Name:BP_Puerta_C_UAID_E0D55ED8DBB297AD01_1092609430 Label:BP_Puerta6 SpatiallyLoaded:1 Bounds:IsValid=true, Min=(X=-963.457 Y=-1000.578 Z=90.000), Max=(X=-547.457 Y=-500.578 Z=927.672) RuntimeGrid:None EditorOnly:0 RuntimeOnly:0 HLODRelevant:0
 |   |   |- [+] [ 32]
 |   |   |   |- Guid:1CF453154E092C2FE220DAA58EDE6734 BaseClass:/Game/Sample/Bluprints/Spawner.Spawner_C NativeClass:/Script/Engine.Actor Name:Spawner_C_UAID_E0D55ED8DBB2A6AF01_1574166179 Label:Spawner4 SpatiallyLoaded:1 Bounds:IsValid=true, Min=(X=-90.000 Y=-890.000 Z=40.000), Max=(X=10.000 Y=-790.000 Z=140.000) RuntimeGrid:None EditorOnly:0 RuntimeOnly:0 HLODRelevant:0
 |   |   |- [+] [ 33]
 |   |   |   |- Guid:A354B1B24E617A525DC6B48CCDE2417E BaseClass: NativeClass:/Script/Engine.PlayerStart Name:PlayerStart_0 Label:PlayerStart SpatiallyLoaded:0 Bounds:IsValid=true, Min=(X=-1234.914 Y=3740.748 Z=818.105), Max=(X=-1154.914 Y=3820.748 Z=1002.105) RuntimeGrid:None EditorOnly:0 RuntimeOnly:0 HLODRelevant:0
 |   |   |- [+] [ 34]
 |   |   |   |- Guid:B79B11BE4C677C930CE4ABA2578F3009 BaseClass:/Game/PisoMuerteInst/MuerteInst.MuerteInst_C NativeClass:/Script/Engine.Actor Name:MuerteInst_C_UAID_FC3497E2C178A1AF01_1408949296 Label:MuerteInst SpatiallyLoaded:1 Bounds:IsValid=true, Min=(X=-4766.000 Y=-2876.000 Z=-1776.000), Max=(X=2946.000 Y=4836.000 Z=-1744.000) RuntimeGrid:None EditorOnly:0 RuntimeOnly:0 HLODRelevant:0
 |   |   |- [+] [ 35]
 |   |   |   |- Guid:F86ED7A44BC418D07FCC38A820C88914 BaseClass:/Game/Sample/Bluprints/BP_Puerta.BP_Puerta_C NativeClass:/Script/Engine.Actor Name:BP_Puerta_C_UAID_E0D55ED8DBB297AD01_1472377447 Label:BP_Puerta23 SpatiallyLoaded:1 Bounds:IsValid=true, Min=(X=-963.457 Y=2899.422 Z=90.000), Max=(X=-547.457 Y=3399.422 Z=927.672) RuntimeGrid:None EditorOnly:0 RuntimeOnly:0 HLODRelevant:0
 |   |   |- [+] [ 36]
 |   |   |   |- Guid:7B2623774C5774FFCC12C6ADC174136B BaseClass:/Game/Sample/Bluprints/Spawner.Spawner_C NativeClass:/Script/Engine.Actor Name:Spawner_C_UAID_E0D55ED8DBB2A6AF01_1975704190 Label:Spawner15 SpatiallyLoaded:1 Bounds:IsValid=true, Min=(X=-1380.000 Y=420.000 Z=40.000), Max=(X=-1280.000 Y=520.000 Z=140.000) RuntimeGrid:None EditorOnly:0 RuntimeOnly:0 HLODRelevant:0
 |   |   |- [+] [ 37]
 |   |   |   |- Guid:BC6FBC3544B7C4A04F632EAEAD149D67 BaseClass:/Game/Habitacion_Victoria/Puertas/BP_puerta.BP_puerta_C NativeClass:/Script/Engine.Actor Name:BP_puerta_C_UAID_B42E999BD68C9EAF01_1511750774 Label:BP_puerta27 SpatiallyLoaded:1 Bounds:IsValid=true, Min=(X=-250.000 Y=4746.760 Z=110.000), Max=(X=50.000 Y=4953.240 Z=410.000) RuntimeGrid:None EditorOnly:0 RuntimeOnly:0 HLODRelevant:0
 |   |   |- [+] [ 38]
 |   |   |   |- Guid:66F742654EA1CA909B866BBB88B5DD90 BaseClass:/Game/Sample/Bluprints/Spawner.Spawner_C NativeClass:/Script/Engine.Actor Name:Spawner_C_UAID_E0D55ED8DBB2A6AF01_1630061181 Label:Spawner6 SpatiallyLoaded:1 Bounds:IsValid=true, Min=(X=-2680.000 Y=-900.000 Z=40.000), Max=(X=-2580.000 Y=-800.000 Z=140.000) RuntimeGrid:None EditorOnly:0 RuntimeOnly:0 HLODRelevant:0
 |   |   |- [+] [ 39]
 |   |   |   |- Guid:9ACED52943D8D20FD1621EB68F8C7130 BaseClass:/Game/Sample/Bluprints/Spawner.Spawner_C NativeClass:/Script/Engine.Actor Name:Spawner_C_UAID_E0D55ED8DBB2A6AF01_1884753188 Label:Spawner13 SpatiallyLoaded:1 Bounds:IsValid=true, Min=(X=-90.000 Y=1770.000 Z=40.000), Max=(X=10.000 Y=1870.000 Z=140.000) RuntimeGrid:None EditorOnly:0 RuntimeOnly:0 HLODRelevant:0
 |   |   |- [+] [ 40]
 |   |   |   |- Guid:C6A53D8D4F7FD37FE9590AAD6BF93D57 BaseClass:/Game/Sample/Bluprints/BP_Puerta.BP_Puerta_C NativeClass:/Script/Engine.Actor Name:BP_Puerta_C_UAID_E0D55ED8DBB297AD01_1434399445 Label:BP_Puerta21 SpatiallyLoaded:1 Bounds:IsValid=true, Min=(X=-2945.457 Y=-258.578 Z=90.000), Max=(X=-2445.457 Y=157.422 Z=927.672) RuntimeGrid:None EditorOnly:0 RuntimeOnly:0 HLODRelevant:0
 |   |   |- [+] [ 41]
 |   |   |   |- Guid:5234458146CAB01158D73493802A7FFB BaseClass:/Game/Sample/Bluprints/BP_Puerta.BP_Puerta_C NativeClass:/Script/Engine.Actor Name:BP_Puerta_C_UAID_E0D55ED8DBB297AD01_1186002435 Label:BP_Puerta11 SpatiallyLoaded:1 Bounds:IsValid=true, Min=(X=954.543 Y=2341.422 Z=90.000), Max=(X=1454.543 Y=2757.422 Z=927.672) RuntimeGrid:None EditorOnly:0 RuntimeOnly:0 HLODRelevant:0
 |   |   |- [+] [ 42]
 |   |   |   |- Guid:3DCD3E294F399AF893F54694AD56A779 BaseClass:/Game/Sample/Bluprints/BP_Puerta.BP_Puerta_C NativeClass:/Script/Engine.Actor Name:BP_Puerta_C_UAID_E0D55ED8DBB297AD01_1107487431 Label:BP_Puerta7 SpatiallyLoaded:1 Bounds:IsValid=true, Min=(X=346.543 Y=-1000.578 Z=90.000), Max=(X=762.543 Y=-500.578 Z=927.672) RuntimeGrid:None EditorOnly:0 RuntimeOnly:0 HLODRelevant:0
 |   |   |- [+] [ 43]
 |   |   |   |- Guid:7718056C4CE249634953AD939403F442 BaseClass:/Game/Sample/Bluprints/Spawner.Spawner_C NativeClass:/Script/Engine.Actor Name:Spawner_C_UAID_E0D55ED8DBB2A6AF01_1858293187 Label:Spawner12 SpatiallyLoaded:1 Bounds:IsValid=true, Min=(X=1210.000 Y=1780.000 Z=40.000), Max=(X=1310.000 Y=1880.000 Z=140.000) RuntimeGrid:None EditorOnly:0 RuntimeOnly:0 HLODRelevant:0
 |   |   |- [+] [ 44]
 |   |   |   |- Guid:80378B6F4AB6108F6848E0957A91EEED BaseClass:/Game/Sample/Bluprints/Spawner.Spawner_C NativeClass:/Script/Engine.Actor Name:Spawner_C_UAID_E0D55ED8DBB2A6AF01_1541115178 Label:Spawner3 SpatiallyLoaded:1 Bounds:IsValid=true, Min=(X=1210.000 Y=-880.000 Z=40.000), Max=(X=1310.000 Y=-780.000 Z=140.000) RuntimeGrid:None EditorOnly:0 RuntimeOnly:0 HLODRelevant:0
 |   |   |- [+] [ 45]
 |   |   |   |- Guid:E5D4903041037D08E01890AFB1C11F8F BaseClass:/Game/Sample/Bluprints/Spawner.Spawner_C NativeClass:/Script/Engine.Actor Name:Spawner_C_UAID_E0D55ED8DBB2A6AF01_1514243177 Label:Spawner2 SpatiallyLoaded:1 Bounds:IsValid=true, Min=(X=1200.000 Y=470.000 Z=40.000), Max=(X=1300.000 Y=570.000 Z=140.000) RuntimeGrid:None EditorOnly:0 RuntimeOnly:0 HLODRelevant:0
 |   |   |- [+] [ 46]
 |   |   |   |- Guid:269E95314EE286B6A4594480C167C94E BaseClass: NativeClass:/Script/Engine.StaticMeshActor Name:StaticMeshActor_UAID_B42E999BD68C98AF01_1462068711 Label:Victoria SpatiallyLoaded:1 Bounds:IsValid=true, Min=(X=-300.000 Y=4880.000 Z=100.000), Max=(X=100.000 Y=5280.000 Z=500.000) RuntimeGrid:None EditorOnly:0 RuntimeOnly:0 HLODRelevant:0 FolderPath:Playground FolderGuid:6C02BB504B69D1F3D7A624B130C18E5B
 |   |   |- [+] [ 47]
 |   |   |   |- Guid:E5C829554599FCE383A069BFEDC7CEC0 BaseClass:/Game/Blueprints/BP_Hacha.BP_Hacha_C NativeClass:/Script/Engine.Actor Name:BP_Hacha_C_UAID_309C23AD925F78AF01_2125852081 Label:BP_Hacha SpatiallyLoaded:1 Bounds:IsValid=true, Min=(X=-2696.000 Y=804.000 Z=136.434), Max=(X=-2664.000 Y=836.000 Z=187.429) RuntimeGrid:None EditorOnly:0 RuntimeOnly:0 HLODRelevant:0
 |   |   |- [+] [ 48]
 |   |   |   |- Guid:0196647C423CCBD0C9A132B558D26C48 BaseClass:/Game/Sample/Bluprints/BP_Puerta.BP_Puerta_C NativeClass:/Script/Engine.Actor Name:BP_Puerta_C_UAID_E0D55ED8DBB297AD01_1421542444 Label:BP_Puerta20 SpatiallyLoaded:1 Bounds:IsValid=true, Min=(X=-2945.457 Y=1041.422 Z=90.000), Max=(X=-2445.457 Y=1457.422 Z=927.672) RuntimeGrid:None EditorOnly:0 RuntimeOnly:0 HLODRelevant:0
 |   |   |- [+] [ 49]
 |   |   |   |- Guid:C22CE07C4B87D685137FDBBC10FC92C6 BaseClass: NativeClass:/Script/Engine.SkyAtmosphere Name:SkyAtmosphere_0 Label:SkyAtmosphere SpatiallyLoaded:0 Bounds:IsValid=true, Min=(X=0.000 Y=0.000 Z=1020.000), Max=(X=0.000 Y=0.000 Z=1020.000) RuntimeGrid:None EditorOnly:0 RuntimeOnly:0 HLODRelevant:0 FolderPath:Lighting FolderGuid:0BA5F0A04EADB18E70D5B180D08FA34B
 |   |   |- [+] [ 50]
 |   |   |   |- Guid:C0C56B9644AE3D40CAFF6A878DB29844 BaseClass: NativeClass:/Script/Engine.StaticMeshActor Name:StaticMeshActor_UAID_A4AE111137DC5EFB00_2001720423 Label:SM_SkySphere SpatiallyLoaded:0 Bounds:IsValid=true, Min=(X=-1638910.000 Y=-1637169.152 Z=-1636040.000), Max=(X=1637890.000 Y=1647822.848 Z=1640760.000) RuntimeGrid:None EditorOnly:0 RuntimeOnly:0 HLODRelevant:1 FolderPath:Lighting FolderGuid:0BA5F0A04EADB18E70D5B180D08FA34B
 |   |   |- [+] [ 51]
 |   |   |   |- Guid:258EA43C4722E997DB09DE91AA7AADFB BaseClass:/Game/Sample/Bluprints/BP_Puerta.BP_Puerta_C NativeClass:/Script/Engine.Actor Name:BP_Puerta_C_UAID_E0D55ED8DBB297AD01_1160984434 Label:BP_Puerta10 SpatiallyLoaded:1 Bounds:IsValid=true, Min=(X=346.543 Y=1699.422 Z=90.000), Max=(X=762.543 Y=2099.422 Z=927.672) RuntimeGrid:None EditorOnly:0 RuntimeOnly:0 HLODRelevant:0
 |   |   |- [+] [ 52]
 |   |   |   |- Guid:6FEFB3BD4EB37B849EF0D4AC80F83855 BaseClass: NativeClass:/Script/Engine.WorldDataLayers Name:WorldDataLayers Label:WorldDataLayers SpatiallyLoaded:0 Bounds:IsValid=true, Min=(X=0.000 Y=0.000 Z=0.000), Max=(X=0.000 Y=0.000 Z=0.000) RuntimeGrid:None EditorOnly:0 RuntimeOnly:0 HLODRelevant:0
 |   |   |- [+] [ 53]
 |   |   |   |- Guid:40A14A0E443DD5003672549CCD61A3F1 BaseClass:/Game/Sample/Bluprints/Spawner.Spawner_C NativeClass:/Script/Engine.Actor Name:Spawner_C_UAID_E0D55ED8DBB2A6AF01_1685341182 Label:Spawner7 SpatiallyLoaded:1 Bounds:IsValid=true, Min=(X=-2690.000 Y=1800.000 Z=40.000), Max=(X=-2590.000 Y=1900.000 Z=140.000) RuntimeGrid:None EditorOnly:0 RuntimeOnly:0 HLODRelevant:0
 |   |   |- [+] [ 54]
 |   |   |   |- Guid:F8072D9846FAC303FA0E0C9E038B4452 BaseClass:/Game/Sample/Bluprints/BP_Puerta.BP_Puerta_C NativeClass:/Script/Engine.Actor Name:BP_Puerta_C_UAID_E0D55ED8DBB297AD01_1457535446 Label:BP_Puerta22 SpatiallyLoaded:1 Bounds:IsValid=true, Min=(X=-2263.457 Y=2899.422 Z=90.000), Max=(X=-1847.457 Y=3399.422 Z=927.672) RuntimeGrid:None EditorOnly:0 RuntimeOnly:0 HLODRelevant:0
 |   |   |- [+] [ 55]
 |   |   |   |- Guid:CB27458F4B7F645E464E4EB03B650D98 BaseClass: NativeClass:/Script/NavigationSystem.RecastNavMesh Name:RecastNavMesh_UAID_FC3497E54BE796AD01-Default Label:RecastNavMesh-Default SpatiallyLoaded:0 Bounds:IsValid=true, Min=(X=0.000 Y=0.000 Z=-110.000), Max=(X=0.000 Y=0.000 Z=-110.000) RuntimeGrid:None EditorOnly:0 RuntimeOnly:0 HLODRelevant:0
 |   |   |- [+] [ 56]
 |   |   |   |- Guid:D6115A6940D0BC0504ECCBBB4E059A86 BaseClass:/Game/Habitacion_Victoria/Puertas/BP_puerta.BP_puerta_C NativeClass:/Script/Engine.Actor Name:BP_puerta_C_UAID_B42E999BD68C9EAF01_1548642775 Label:BP_puerta28 SpatiallyLoaded:1 Bounds:IsValid=true, Min=(X=16.760 Y=4930.000 Z=110.000), Max=(X=223.240 Y=5230.000 Z=410.000) RuntimeGrid:None EditorOnly:0 RuntimeOnly:0 HLODRelevant:0
 |   |   |- [+] [ 57]
 |   |   |   |- Guid:ABD0760C43557BB3A57CECA034589F52 BaseClass:/Game/Trampa/Trampa.Trampa_C NativeClass:/Script/Engine.Actor Name:Trampa_C_UAID_FC3497E2C17843AF01_2075527751 Label:Trampa SpatiallyLoaded:1 Bounds:IsValid=true, Min=(X=-2833.384 Y=4971.493 Z=4.524), Max=(X=-2466.616 Y=5250.206 Z=252.693) RuntimeGrid:None EditorOnly:0 RuntimeOnly:0 HLODRelevant:0
 |   |   |- [+] [ 58]
 |   |   |   |- Guid:E69442104C44AFA6C4D047A02AB0BBFB BaseClass:/Game/Sample/Bluprints/Spawner.Spawner_C NativeClass:/Script/Engine.Actor Name:Spawner_C_UAID_E0D55ED8DBB2A6AF01_1827842186 Label:Spawner11 SpatiallyLoaded:1 Bounds:IsValid=true, Min=(X=1210.000 Y=3020.000 Z=40.000), Max=(X=1310.000 Y=3120.000 Z=140.000) RuntimeGrid:None EditorOnly:0 RuntimeOnly:0 HLODRelevant:0
 |   |   |- [+] [ 59]
 |   |   |   |- Guid:D1D1FF8141E80311048EDFBEBAA06474 BaseClass:/Game/Habitacion_Victoria/Puertas/BP_puerta.BP_puerta_C NativeClass:/Script/Engine.Actor Name:BP_puerta_C_UAID_B42E999BD68C9AAF01_1212583067 Label:BP_puerta2 SpatiallyLoaded:1 Bounds:IsValid=true, Min=(X=-250.000 Y=5196.760 Z=110.000), Max=(X=50.000 Y=5403.240 Z=410.000) RuntimeGrid:None EditorOnly:0 RuntimeOnly:0 HLODRelevant:0
 |   |   |- [+] [ 60]
 |   |   |   |- Guid:CE8D82634660FCDB3120E2B8D547C533 BaseClass: NativeClass:/Script/Engine.PostProcessVolume Name:PostProcessVolume_0 Label:PostProcessVolume SpatiallyLoaded:0 Bounds:IsValid=true, Min=(X=0.000 Y=0.000 Z=400.000), Max=(X=200.000 Y=200.000 Z=600.000) RuntimeGrid:None EditorOnly:0 RuntimeOnly:0 HLODRelevant:0 FolderPath:Lighting FolderGuid:0BA5F0A04EADB18E70D5B180D08FA34B
 |   |   |- [+] [ 61]
 |   |   |   |- Guid:1469824F447953C46F6133A46948A89F BaseClass:/Game/Habitacion_Victoria/Llave/BP_Llave.BP_Llave_C NativeClass:/Script/Engine.Actor Name:BP_Llave_C_UAID_B42E999BD68C9CAF01_1797073420 Label:BP_Llave SpatiallyLoaded:1 Bounds:IsValid=true, Min=(X=-1452.000 Y=4858.000 Z=126.669), Max=(X=-1188.000 Y=5322.000 Z=336.000) RuntimeGrid:None EditorOnly:0 RuntimeOnly:0 HLODRelevant:0
 |   |   |- [+] [ 62]
 |   |   |   |- Guid:2E674642448E871820F98D99BFAB0911 BaseClass:/Game/Sample/Bluprints/BP_Puerta.BP_Puerta_C NativeClass:/Script/Engine.Actor Name:BP_Puerta_C_UAID_E0D55ED8DBB297AD01_1146718433 Label:BP_Puerta9 SpatiallyLoaded:1 Bounds:IsValid=true, Min=(X=-2253.457 Y=1699.422 Z=90.000), Max=(X=-1837.457 Y=2099.422 Z=927.672) RuntimeGrid:None EditorOnly:0 RuntimeOnly:0 HLODRelevant:0
 |- ContainerInstances:
 |- [+] MainContainer:
 |   |-        ID: 0x0000000000000000
 |   |-    Bounds: IsValid=false, Min=(X=0.000 Y=0.000 Z=0.000), Max=(X=0.000 Y=0.000 Z=0.000)
 |   |- Transform: 0.000000,0.000000,0.000000|0.000000,0.000000,-0.000000|1.000000,1.000000,1.000000
 |   |- Container: /Game/FirstPerson/Maps/FirstPersonMap
----------------------------------------------------------------------------------------------------------------
FirstPersonMap - Persistent Level
----------------------------------------------------------------------------------------------------------------
Always loaded Actor Count: 71 

----------------------------------------------------------------------------------------------------------------
FirstPersonMap - Runtime Spatial Hash - Streaming Grid - MainGrid
----------------------------------------------------------------------------------------------------------------
            Origin: X=0.000 Y=0.000 Z=0.000
         Cell Size: 12800
      World Bounds: IsValid=false, Min=(X=0.000 Y=0.000 Z=0.000), Max=(X=0.000 Y=0.000 Z=0.000)
     Loading Range: 25600.00
Block Slow Loading: No
 ClientOnlyVisible: No

[+] Grid Levels: 1
 |- Level  0: Cell Count    0 | Cell Size   12800 | Actor Count    0 (0.0%)

[+] Content of Grid Level 0

