[+] Containers:
 |- [+] Container: /Game/FirstPerson/Maps/FirstPersonMap
 |   |- [+] ActorDescs:
 |   |   |- Guid:0196647C423CCBD0C9A132B558D26C48 BaseClass:/Game/Sample/Bluprints/BP_Puerta.BP_Puerta_C NativeClass:/Script/Engine.Actor Name:BP_Puerta_C_UAID_E0D55ED8DBB297AD01_1421542444 Label:BP_Puerta20 SpatiallyLoaded:1 Bounds:IsValid=true, Min=(X=-2945.457 Y=1041.422 Z=90.000), Max=(X=-2445.457 Y=1457.422 Z=927.672) RuntimeGrid:None EditorOnly:0 RuntimeOnly:0 HLODRelevant:0
 |   |   |- Guid:0C1D1A0F4F1C5D415885B5A3DD1C89A1 BaseClass:/Game/Sample/Bluprints/BP_Puerta.BP_Puerta_C NativeClass:/Script/Engine.Actor Name:BP_Puerta_C_UAID_E0D55ED8DBB297AD01_1092609430 Label:BP_Puerta6 SpatiallyLoaded:1 Bounds:IsValid=true, Min=(X=-963.457 Y=-1000.578 Z=90.000), Max=(X=-547.457 Y=-500.578 Z=927.672) RuntimeGrid:None EditorOnly:0 RuntimeOnly:0 HLODRelevant:0
 |   |   |- Guid:24775A5F41BFEBEFD28A4D8CB488F341 BaseClass:/Game/Sample/Bluprints/BP_Puerta.BP_Puerta_C NativeClass:/Script/Engine.Actor Name:BP_Puerta_C_UAID_E0D55ED8DBB296AD01_2089907252 Label:BP_Puerta4 SpatiallyLoaded:1 Bounds:IsValid=true, Min=(X=346.543 Y=399.422 Z=90.000), Max=(X=762.543 Y=799.422 Z=927.672) RuntimeGrid:None EditorOnly:0 RuntimeOnly:0 HLODRelevant:0
 |   |   |- Guid:251FCD6741BBB9C57273BDA72E21FD67 BaseClass: NativeClass:/Script/NavigationSystem.NavMeshBoundsVolume Name:NavMeshBoundsVolume_UAID_FC3497E54BE796AD01_1181668247 Label:NavMeshBoundsVolume SpatiallyLoaded:0 Bounds:IsValid=true, Min=(X=-3289.328 Y=-1402.607 Z=31.297), Max=(X=1769.328 Y=3702.607 Z=528.703) RuntimeGrid:None EditorOnly:0 RuntimeOnly:0 HLODRelevant:0
 |   |   |- Guid:258EA43C4722E997DB09DE91AA7AADFB BaseClass:/Game/Sample/Bluprints/BP_Puerta.BP_Puerta_C NativeClass:/Script/Engine.Actor Name:BP_Puerta_C_UAID_E0D55ED8DBB297AD01_1160984434 Label:BP_Puerta10 SpatiallyLoaded:1 Bounds:IsValid=true, Min=(X=346.543 Y=1699.422 Z=90.000), Max=(X=762.543 Y=2099.422 Z=927.672) RuntimeGrid:None EditorOnly:0 RuntimeOnly:0 HLODRelevant:0
 |   |   |- Guid:2E674642448E871820F98D99BFAB0911 BaseClass:/Game/Sample/Bluprints/BP_Puerta.BP_Puerta_C NativeClass:/Script/Engine.Actor Name:BP_Puerta_C_UAID_E0D55ED8DBB297AD01_1146718433 Label:BP_Puerta9 SpatiallyLoaded:1 Bounds:IsValid=true, Min=(X=-2253.457 Y=1699.422 Z=90.000), Max=(X=-1837.457 Y=2099.422 Z=927.672) RuntimeGrid:None EditorOnly:0 RuntimeOnly:0 HLODRelevant:0
 |   |   |- Guid:33D3BB434070CE2C047DCB98D855A7BD BaseClass:/Game/Sample/Bluprints/BP_Puerta.BP_Puerta_C NativeClass:/Script/Engine.Actor Name:BP_Puerta_C_UAID_E0D55ED8DBB297AD01_1375406442 Label:BP_Puerta18 SpatiallyLoaded:1 Bounds:IsValid=true, Min=(X=-1705.457 Y=-258.578 Z=90.000), Max=(X=-1105.457 Y=157.422 Z=927.672) RuntimeGrid:None EditorOnly:0 RuntimeOnly:0 HLODRelevant:0
 |   |   |- Guid:3852AE6A4A35017DD2D53FBD2F8BE443 BaseClass:/Game/Sample/Bluprints/BP_Puerta.BP_Puerta_C NativeClass:/Script/Engine.Actor Name:BP_Puerta_C_UAID_E0D55ED8DBB297AD01_1299426439 Label:BP_Puerta15 SpatiallyLoaded:1 Bounds:IsValid=true, Min=(X=-345.457 Y=2341.422 Z=90.000), Max=(X=154.543 Y=2757.422 Z=927.672) RuntimeGrid:None EditorOnly:0 RuntimeOnly:0 HLODRelevant:0
 |   |   |- Guid:3DCD3E294F399AF893F54694AD56A779 BaseClass:/Game/Sample/Bluprints/BP_Puerta.BP_Puerta_C NativeClass:/Script/Engine.Actor Name:BP_Puerta_C_UAID_E0D55ED8DBB297AD01_1107487431 Label:BP_Puerta7 SpatiallyLoaded:1 Bounds:IsValid=true, Min=(X=346.543 Y=-1000.578 Z=90.000), Max=(X=762.543 Y=-500.578 Z=927.672) RuntimeGrid:None EditorOnly:0 RuntimeOnly:0 HLODRelevant:0
 |   |   |- Guid:3F8A313540C4E03ACAC854801DD90545 BaseClass:/Game/NPC/BP_NPC.BP_NPC_C NativeClass:/Script/Engine.Character Name:BP_NPC_C_UAID_005056C000019FAD01_1795139834 Label:BP_NPC5 SpatiallyLoaded:1 Bounds:IsValid=true, Min=(X=-18.230 Y=260.980 Z=100.000), Max=(X=67.768 Y=459.113 Z=305.772) RuntimeGrid:None EditorOnly:0 RuntimeOnly:0 HLODRelevant:0
 |   |   |- Guid:49B4A84F4318BC4D25A1E7A527DEA281 BaseClass:/Game/NPC/BP_NPC.BP_NPC_C NativeClass:/Script/Engine.Character Name:BP_NPC_C_UAID_005056C000019FAD01_1791974833 Label:BP_NPC4 SpatiallyLoaded:1 Bounds:IsValid=true, Min=(X=-128.230 Y=1820.980 Z=100.000), Max=(X=-42.232 Y=2019.113 Z=305.772) RuntimeGrid:None EditorOnly:0 RuntimeOnly:0 HLODRelevant:0
 |   |   |- Guid:5234458146CAB01158D73493802A7FFB BaseClass:/Game/Sample/Bluprints/BP_Puerta.BP_Puerta_C NativeClass:/Script/Engine.Actor Name:BP_Puerta_C_UAID_E0D55ED8DBB297AD01_1186002435 Label:BP_Puerta11 SpatiallyLoaded:1 Bounds:IsValid=true, Min=(X=954.543 Y=2341.422 Z=90.000), Max=(X=1454.543 Y=2757.422 Z=927.672) RuntimeGrid:None EditorOnly:0 RuntimeOnly:0 HLODRelevant:0
 |   |   |- Guid:5B6F5DEE47C903064C43C296C1B68B8B BaseClass:/Game/Sample/Bluprints/BP_Puerta.BP_Puerta_C NativeClass:/Script/Engine.Actor Name:BP_Puerta_C_UAID_E0D55ED8DBB297AD01_1406058443 Label:BP_Puerta19 SpatiallyLoaded:1 Bounds:IsValid=true, Min=(X=-2945.457 Y=2341.422 Z=90.000), Max=(X=-2445.457 Y=2757.422 Z=927.672) RuntimeGrid:None EditorOnly:0 RuntimeOnly:0 HLODRelevant:0
 |   |   |- Guid:5FE7584649BB6F09265329A6C57CFD0D BaseClass: NativeClass:/Script/Engine.VolumetricCloud Name:VolumetricCloud_0 Label:VolumetricCloud SpatiallyLoaded:0 Bounds:IsValid=true, Min=(X=0.000 Y=0.000 Z=820.000), Max=(X=0.000 Y=0.000 Z=820.000) RuntimeGrid:None EditorOnly:0 RuntimeOnly:0 HLODRelevant:0 FolderPath:Lighting FolderGuid:0BA5F0A04EADB18E70D5B180D08FA34B
 |   |   |- Guid:61391D344900612A77DFC3BA3E354907 BaseClass: NativeClass:/Script/Engine.ExponentialHeightFog Name:ExponentialHeightFog_0 Label:ExponentialHeightFog SpatiallyLoaded:0 Bounds:IsValid=true, Min=(X=-5600.000 Y=-50.000 Z=-6850.000), Max=(X=-5600.000 Y=-50.000 Z=-6850.000) RuntimeGrid:None EditorOnly:0 RuntimeOnly:0 HLODRelevant:0 FolderPath:Lighting FolderGuid:0BA5F0A04EADB18E70D5B180D08FA34B
 |   |   |- Guid:6FEFB3BD4EB37B849EF0D4AC80F83855 BaseClass: NativeClass:/Script/Engine.WorldDataLayers Name:WorldDataLayers Label:WorldDataLayers SpatiallyLoaded:0 Bounds:IsValid=true, Min=(X=0.000 Y=0.000 Z=0.000), Max=(X=0.000 Y=0.000 Z=0.000) RuntimeGrid:None EditorOnly:0 RuntimeOnly:0 HLODRelevant:0
 |   |   |- Guid:73D593064D106F3EFCDE89960ACC2F10 BaseClass:/Game/Sample/Bluprints/BP_Puerta.BP_Puerta_C NativeClass:/Script/Engine.Actor Name:BP_Puerta_C_UAID_E0D55ED8DBB297AD01_1486223448 Label:BP_Puerta24 SpatiallyLoaded:1 Bounds:IsValid=true, Min=(X=346.543 Y=2899.422 Z=90.000), Max=(X=762.543 Y=3399.422 Z=927.672) RuntimeGrid:None EditorOnly:0 RuntimeOnly:0 HLODRelevant:0
 |   |   |- Guid:7679385749BA0ED09BC93D9C25472F50 BaseClass: NativeClass:/Script/Engine.StaticMeshActor Name:StaticMeshActor_UAID_B42E999BD68C90AD01_1958362196 Label:CubeGridToolOutput SpatiallyLoaded:1 Bounds:IsValid=true, Min=(X=-3400.000 Y=-1500.000 Z=0.000), Max=(X=1900.000 Y=3800.000 Z=700.000) RuntimeGrid:None EditorOnly:0 RuntimeOnly:0 HLODRelevant:0 FolderPath:Playground FolderGuid:6C02BB504B69D1F3D7A624B130C18E5B
 |   |   |- Guid:7FE8AE1A4FC190E0E5B0BCB0BB34C018 BaseClass:/Game/Sample/Bluprints/BP_Puerta.BP_Puerta_C NativeClass:/Script/Engine.Actor Name:BP_Puerta_C_UAID_E0D55ED8DBB297AD01_1131311432 Label:BP_Puerta8 SpatiallyLoaded:1 Bounds:IsValid=true, Min=(X=-963.457 Y=1699.422 Z=90.000), Max=(X=-547.457 Y=2099.422 Z=927.672) RuntimeGrid:None EditorOnly:0 RuntimeOnly:0 HLODRelevant:0
 |   |   |- Guid:861C62424005D66390E2C48B585ECCBF BaseClass:/Game/NPC/BP_NPC.BP_NPC_C NativeClass:/Script/Engine.Character Name:BP_NPC_C_UAID_005056C000019FAD01_1798288835 Label:BP_NPC6 SpatiallyLoaded:1 Bounds:IsValid=true, Min=(X=151.770 Y=3390.980 Z=100.000), Max=(X=237.768 Y=3589.113 Z=305.772) RuntimeGrid:None EditorOnly:0 RuntimeOnly:0 HLODRelevant:0
 |   |   |- Guid:8F05B50C485B56600BC37A9F19615058 BaseClass:/Game/Sample/Bluprints/BP_Puerta.BP_Puerta_C NativeClass:/Script/Engine.Actor Name:BP_Puerta_C_UAID_E0D55ED8DBB295AD01_1099242073 Label:BP_Puerta SpatiallyLoaded:1 Bounds:IsValid=true, Min=(X=-2263.457 Y=399.422 Z=90.000), Max=(X=-1847.457 Y=799.422 Z=927.672) RuntimeGrid:None EditorOnly:0 RuntimeOnly:0 HLODRelevant:0
 |   |   |- Guid:90CFB3C74DDCCDB506D04BBB173C368E BaseClass:/Game/Sample/Bluprints/BP_Puerta.BP_Puerta_C NativeClass:/Script/Engine.Actor Name:BP_Puerta_C_UAID_E0D55ED8DBB297AD01_1253178437 Label:BP_Puerta13 SpatiallyLoaded:1 Bounds:IsValid=true, Min=(X=954.543 Y=-258.578 Z=90.000), Max=(X=1454.543 Y=157.422 Z=927.672) RuntimeGrid:None EditorOnly:0 RuntimeOnly:0 HLODRelevant:0
 |   |   |- Guid:99E1666B47089C6F71F68AAC3D3055E0 BaseClass:/Game/Sample/Bluprints/BP_Puerta.BP_Puerta_C NativeClass:/Script/Engine.Actor Name:BP_Puerta_C_UAID_E0D55ED8DBB297AD01_1354496441 Label:BP_Puerta17 SpatiallyLoaded:1 Bounds:IsValid=true, Min=(X=-1705.457 Y=1041.422 Z=90.000), Max=(X=-1105.457 Y=1457.422 Z=927.672) RuntimeGrid:None EditorOnly:0 RuntimeOnly:0 HLODRelevant:0
 |   |   |- Guid:A354B1B24E617A525DC6B48CCDE2417E BaseClass: NativeClass:/Script/Engine.PlayerStart Name:PlayerStart_0 Label:PlayerStart SpatiallyLoaded:0 Bounds:IsValid=true, Min=(X=-3164.914 Y=570.748 Z=138.105), Max=(X=-3084.914 Y=650.748 Z=322.105) RuntimeGrid:None EditorOnly:0 RuntimeOnly:0 HLODRelevant:0
 |   |   |- Guid:AA949BFA472980CFE35420BBE1B28641 BaseClass:/Game/NPC/BP_NPC.BP_NPC_C NativeClass:/Script/Engine.Character Name:BP_NPC_C_UAID_005056C000019FAD01_1788139832 Label:BP_NPC3 SpatiallyLoaded:1 Bounds:IsValid=true, Min=(X=-1498.230 Y=1760.980 Z=100.000), Max=(X=-1412.232 Y=1959.113 Z=305.772) RuntimeGrid:None EditorOnly:0 RuntimeOnly:0 HLODRelevant:0
 |   |   |- Guid:AD4AC4174AAD03880B7BD3B0B17E0DBD BaseClass:/Game/Sample/Bluprints/BP_Puerta.BP_Puerta_C NativeClass:/Script/Engine.Actor Name:BP_Puerta_C_UAID_E0D55ED8DBB297AD01_1523657449 Label:BP_Puerta25 SpatiallyLoaded:1 Bounds:IsValid=true, Min=(X=-345.457 Y=-258.578 Z=90.000), Max=(X=154.543 Y=157.422 Z=927.672) RuntimeGrid:None EditorOnly:0 RuntimeOnly:0 HLODRelevant:0
 |   |   |- Guid:B6DB39A04EA1E2E811FD138750AAD2F8 BaseClass:/Game/Sample/Bluprints/BP_Puerta.BP_Puerta_C NativeClass:/Script/Engine.Actor Name:BP_Puerta_C_UAID_E0D55ED8DBB296AD01_2072175251 Label:BP_Puerta3 SpatiallyLoaded:1 Bounds:IsValid=true, Min=(X=-963.457 Y=399.422 Z=90.000), Max=(X=-547.457 Y=799.422 Z=927.672) RuntimeGrid:None EditorOnly:0 RuntimeOnly:0 HLODRelevant:0
 |   |   |- Guid:C0C56B9644AE3D40CAFF6A878DB29844 BaseClass: NativeClass:/Script/Engine.StaticMeshActor Name:StaticMeshActor_UAID_A4AE111137DC5EFB00_2001720423 Label:SM_SkySphere SpatiallyLoaded:0 Bounds:IsValid=true, Min=(X=-1638910.000 Y=-1639149.152 Z=-1636040.000), Max=(X=1637890.000 Y=1645842.848 Z=1640760.000) RuntimeGrid:None EditorOnly:0 RuntimeOnly:0 HLODRelevant:1 FolderPath:Lighting FolderGuid:0BA5F0A04EADB18E70D5B180D08FA34B
 |   |   |- Guid:C22CE07C4B87D685137FDBBC10FC92C6 BaseClass: NativeClass:/Script/Engine.SkyAtmosphere Name:SkyAtmosphere_0 Label:SkyAtmosphere SpatiallyLoaded:0 Bounds:IsValid=true, Min=(X=0.000 Y=0.000 Z=1020.000), Max=(X=0.000 Y=0.000 Z=1020.000) RuntimeGrid:None EditorOnly:0 RuntimeOnly:0 HLODRelevant:0 FolderPath:Lighting FolderGuid:0BA5F0A04EADB18E70D5B180D08FA34B
 |   |   |- Guid:C2DED41D49CEA7F24EC787B47DB74751 BaseClass:/Game/NPC/BP_NPC.BP_NPC_C NativeClass:/Script/Engine.Character Name:BP_NPC_C_UAID_FC3497E54BE796AD01_1700330249 Label:BP_NPC SpatiallyLoaded:1 Bounds:IsValid=true, Min=(X=-188.230 Y=-439.020 Z=100.000), Max=(X=-102.232 Y=-240.887 Z=305.772) RuntimeGrid:None EditorOnly:0 RuntimeOnly:0 HLODRelevant:0
 |   |   |- Guid:C6A53D8D4F7FD37FE9590AAD6BF93D57 BaseClass:/Game/Sample/Bluprints/BP_Puerta.BP_Puerta_C NativeClass:/Script/Engine.Actor Name:BP_Puerta_C_UAID_E0D55ED8DBB297AD01_1434399445 Label:BP_Puerta21 SpatiallyLoaded:1 Bounds:IsValid=true, Min=(X=-2945.457 Y=-258.578 Z=90.000), Max=(X=-2445.457 Y=157.422 Z=927.672) RuntimeGrid:None EditorOnly:0 RuntimeOnly:0 HLODRelevant:0
 |   |   |- Guid:CB27458F4B7F645E464E4EB03B650D98 BaseClass: NativeClass:/Script/NavigationSystem.RecastNavMesh Name:RecastNavMesh_UAID_FC3497E54BE796AD01-Default Label:RecastNavMesh-Default SpatiallyLoaded:0 Bounds:IsValid=true, Min=(X=0.000 Y=0.000 Z=-110.000), Max=(X=0.000 Y=0.000 Z=-110.000) RuntimeGrid:None EditorOnly:0 RuntimeOnly:0 HLODRelevant:0
 |   |   |- Guid:CE8D82634660FCDB3120E2B8D547C533 BaseClass: NativeClass:/Script/Engine.PostProcessVolume Name:PostProcessVolume_0 Label:PostProcessVolume SpatiallyLoaded:0 Bounds:IsValid=true, Min=(X=0.000 Y=0.000 Z=400.000), Max=(X=200.000 Y=200.000 Z=600.000) RuntimeGrid:None EditorOnly:0 RuntimeOnly:0 HLODRelevant:0 FolderPath:Lighting FolderGuid:0BA5F0A04EADB18E70D5B180D08FA34B
 |   |   |- Guid:E46D14FD4BE65B893A5BB08302F3FFD4 BaseClass:/Game/Sample/Bluprints/BP_Puerta.BP_Puerta_C NativeClass:/Script/Engine.Actor Name:BP_Puerta_C_UAID_E0D55ED8DBB297AD01_1344642440 Label:BP_Puerta16 SpatiallyLoaded:1 Bounds:IsValid=true, Min=(X=-1705.457 Y=2341.422 Z=90.000), Max=(X=-1105.457 Y=2757.422 Z=927.672) RuntimeGrid:None EditorOnly:0 RuntimeOnly:0 HLODRelevant:0
 |   |   |- Guid:E5320C1B4FD9764CE7B54D8487AEC613 BaseClass: NativeClass:/Script/Engine.SkyLight Name:SkyLight_0 Label:SkyLight SpatiallyLoaded:0 Bounds:IsValid=true, Min=(X=0.000 Y=0.000 Z=690.000), Max=(X=0.000 Y=0.000 Z=690.000) RuntimeGrid:None EditorOnly:0 RuntimeOnly:0 HLODRelevant:0 FolderPath:Lighting FolderGuid:0BA5F0A04EADB18E70D5B180D08FA34B
 |   |   |- Guid:E77488A947BD178E2A0B1D8A8F1B8DC0 BaseClass:/Game/Sample/Bluprints/BP_Puerta.BP_Puerta_C NativeClass:/Script/Engine.Actor Name:BP_Puerta_C_UAID_E0D55ED8DBB297AD01_1273632438 Label:BP_Puerta14 SpatiallyLoaded:1 Bounds:IsValid=true, Min=(X=-345.457 Y=1041.422 Z=90.000), Max=(X=154.543 Y=1457.422 Z=927.672) RuntimeGrid:None EditorOnly:0 RuntimeOnly:0 HLODRelevant:0
 |   |   |- Guid:E7C5322E45786B4633BB34939C23DCCD BaseClass:/Game/Sample/Bluprints/BP_Puerta.BP_Puerta_C NativeClass:/Script/Engine.Actor Name:BP_Puerta_C_UAID_E0D55ED8DBB297AD01_1227623436 Label:BP_Puerta12 SpatiallyLoaded:1 Bounds:IsValid=true, Min=(X=954.543 Y=1041.422 Z=90.000), Max=(X=1454.543 Y=1457.422 Z=927.672) RuntimeGrid:None EditorOnly:0 RuntimeOnly:0 HLODRelevant:0
 |   |   |- Guid:E7EE8CC74EDF07BEA8165B8C554173E2 BaseClass:/Game/NPC/BP_NPC.BP_NPC_C NativeClass:/Script/Engine.Character Name:BP_NPC_C_UAID_005056C000019FAD01_1784952831 Label:BP_NPC2 SpatiallyLoaded:1 Bounds:IsValid=true, Min=(X=-1598.230 Y=570.980 Z=100.000), Max=(X=-1512.232 Y=769.113 Z=305.772) RuntimeGrid:None EditorOnly:0 RuntimeOnly:0 HLODRelevant:0
 |   |   |- Guid:EBFD33F0449F00FB6ED0C6B868453AE3 BaseClass:/Game/Sample/Bluprints/BP_Puerta.BP_Puerta_C NativeClass:/Script/Engine.Actor Name:BP_Puerta_C_UAID_E0D55ED8DBB296AD01_2129904253 Label:BP_Puerta5 SpatiallyLoaded:1 Bounds:IsValid=true, Min=(X=-2263.457 Y=-1000.578 Z=90.000), Max=(X=-1847.457 Y=-500.578 Z=927.672) RuntimeGrid:None EditorOnly:0 RuntimeOnly:0 HLODRelevant:0
 |   |   |- Guid:EE66F4454A4A9F99393F559AB739C05E BaseClass:/Game/FirstPerson/Blueprints/BP_Pickup_Rifle.BP_Pickup_Rifle_C NativeClass:/Script/Engine.Actor Name:BP_Rifle_C_1 Label:BP_Pickup_Rifle SpatiallyLoaded:1 Bounds:IsValid=true, Min=(X=-3472.000 Y=548.000 Z=144.000), Max=(X=-3408.000 Y=637.440 Z=208.000) RuntimeGrid:None EditorOnly:0 RuntimeOnly:0 HLODRelevant:0
 |   |   |- Guid:F80621C9446867154938FE81375207DA BaseClass: NativeClass:/Script/Engine.DirectionalLight Name:DirectionalLight_1 Label:DirectionalLight SpatiallyLoaded:0 Bounds:IsValid=true, Min=(X=-1048576.000 Y=-1048576.000 Z=-1048576.000), Max=(X=1048576.000 Y=1048576.000 Z=1048576.000) RuntimeGrid:None EditorOnly:0 RuntimeOnly:0 HLODRelevant:0 FolderPath:Lighting FolderGuid:0BA5F0A04EADB18E70D5B180D08FA34B
 |   |   |- Guid:F8072D9846FAC303FA0E0C9E038B4452 BaseClass:/Game/Sample/Bluprints/BP_Puerta.BP_Puerta_C NativeClass:/Script/Engine.Actor Name:BP_Puerta_C_UAID_E0D55ED8DBB297AD01_1457535446 Label:BP_Puerta22 SpatiallyLoaded:1 Bounds:IsValid=true, Min=(X=-2263.457 Y=2899.422 Z=90.000), Max=(X=-1847.457 Y=3399.422 Z=927.672) RuntimeGrid:None EditorOnly:0 RuntimeOnly:0 HLODRelevant:0
 |   |   |- Guid:F86ED7A44BC418D07FCC38A820C88914 BaseClass:/Game/Sample/Bluprints/BP_Puerta.BP_Puerta_C NativeClass:/Script/Engine.Actor Name:BP_Puerta_C_UAID_E0D55ED8DBB297AD01_1472377447 Label:BP_Puerta23 SpatiallyLoaded:1 Bounds:IsValid=true, Min=(X=-963.457 Y=2899.422 Z=90.000), Max=(X=-547.457 Y=3399.422 Z=927.672) RuntimeGrid:None EditorOnly:0 RuntimeOnly:0 HLODRelevant:0
 |   |- [+] Clusters:
 |   |   |- [+] [  0]
 |   |   |   |- Guid:61391D344900612A77DFC3BA3E354907 BaseClass: NativeClass:/Script/Engine.ExponentialHeightFog Name:ExponentialHeightFog_0 Label:ExponentialHeightFog SpatiallyLoaded:0 Bounds:IsValid=true, Min=(X=-5600.000 Y=-50.000 Z=-6850.000), Max=(X=-5600.000 Y=-50.000 Z=-6850.000) RuntimeGrid:None EditorOnly:0 RuntimeOnly:0 HLODRelevant:0 FolderPath:Lighting FolderGuid:0BA5F0A04EADB18E70D5B180D08FA34B
 |   |   |- [+] [  1]
 |   |   |   |- Guid:5FE7584649BB6F09265329A6C57CFD0D BaseClass: NativeClass:/Script/Engine.VolumetricCloud Name:VolumetricCloud_0 Label:VolumetricCloud SpatiallyLoaded:0 Bounds:IsValid=true, Min=(X=0.000 Y=0.000 Z=820.000), Max=(X=0.000 Y=0.000 Z=820.000) RuntimeGrid:None EditorOnly:0 RuntimeOnly:0 HLODRelevant:0 FolderPath:Lighting FolderGuid:0BA5F0A04EADB18E70D5B180D08FA34B
 |   |   |- [+] [  2]
 |   |   |   |- Guid:F80621C9446867154938FE81375207DA BaseClass: NativeClass:/Script/Engine.DirectionalLight Name:DirectionalLight_1 Label:DirectionalLight SpatiallyLoaded:0 Bounds:IsValid=true, Min=(X=-1048576.000 Y=-1048576.000 Z=-1048576.000), Max=(X=1048576.000 Y=1048576.000 Z=1048576.000) RuntimeGrid:None EditorOnly:0 RuntimeOnly:0 HLODRelevant:0 FolderPath:Lighting FolderGuid:0BA5F0A04EADB18E70D5B180D08FA34B
 |   |   |- [+] [  3]
 |   |   |   |- Guid:33D3BB434070CE2C047DCB98D855A7BD BaseClass:/Game/Sample/Bluprints/BP_Puerta.BP_Puerta_C NativeClass:/Script/Engine.Actor Name:BP_Puerta_C_UAID_E0D55ED8DBB297AD01_1375406442 Label:BP_Puerta18 SpatiallyLoaded:1 Bounds:IsValid=true, Min=(X=-1705.457 Y=-258.578 Z=90.000), Max=(X=-1105.457 Y=157.422 Z=927.672) RuntimeGrid:None EditorOnly:0 RuntimeOnly:0 HLODRelevant:0
 |   |   |- [+] [  4]
 |   |   |   |- Guid:73D593064D106F3EFCDE89960ACC2F10 BaseClass:/Game/Sample/Bluprints/BP_Puerta.BP_Puerta_C NativeClass:/Script/Engine.Actor Name:BP_Puerta_C_UAID_E0D55ED8DBB297AD01_1486223448 Label:BP_Puerta24 SpatiallyLoaded:1 Bounds:IsValid=true, Min=(X=346.543 Y=2899.422 Z=90.000), Max=(X=762.543 Y=3399.422 Z=927.672) RuntimeGrid:None EditorOnly:0 RuntimeOnly:0 HLODRelevant:0
 |   |   |- [+] [  5]
 |   |   |   |- Guid:B6DB39A04EA1E2E811FD138750AAD2F8 BaseClass:/Game/Sample/Bluprints/BP_Puerta.BP_Puerta_C NativeClass:/Script/Engine.Actor Name:BP_Puerta_C_UAID_E0D55ED8DBB296AD01_2072175251 Label:BP_Puerta3 SpatiallyLoaded:1 Bounds:IsValid=true, Min=(X=-963.457 Y=399.422 Z=90.000), Max=(X=-547.457 Y=799.422 Z=927.672) RuntimeGrid:None EditorOnly:0 RuntimeOnly:0 HLODRelevant:0
 |   |   |- [+] [  6]
 |   |   |   |- Guid:99E1666B47089C6F71F68AAC3D3055E0 BaseClass:/Game/Sample/Bluprints/BP_Puerta.BP_Puerta_C NativeClass:/Script/Engine.Actor Name:BP_Puerta_C_UAID_E0D55ED8DBB297AD01_1354496441 Label:BP_Puerta17 SpatiallyLoaded:1 Bounds:IsValid=true, Min=(X=-1705.457 Y=1041.422 Z=90.000), Max=(X=-1105.457 Y=1457.422 Z=927.672) RuntimeGrid:None EditorOnly:0 RuntimeOnly:0 HLODRelevant:0
 |   |   |- [+] [  7]
 |   |   |   |- Guid:E77488A947BD178E2A0B1D8A8F1B8DC0 BaseClass:/Game/Sample/Bluprints/BP_Puerta.BP_Puerta_C NativeClass:/Script/Engine.Actor Name:BP_Puerta_C_UAID_E0D55ED8DBB297AD01_1273632438 Label:BP_Puerta14 SpatiallyLoaded:1 Bounds:IsValid=true, Min=(X=-345.457 Y=1041.422 Z=90.000), Max=(X=154.543 Y=1457.422 Z=927.672) RuntimeGrid:None EditorOnly:0 RuntimeOnly:0 HLODRelevant:0
 |   |   |- [+] [  8]
 |   |   |   |- Guid:AD4AC4174AAD03880B7BD3B0B17E0DBD BaseClass:/Game/Sample/Bluprints/BP_Puerta.BP_Puerta_C NativeClass:/Script/Engine.Actor Name:BP_Puerta_C_UAID_E0D55ED8DBB297AD01_1523657449 Label:BP_Puerta25 SpatiallyLoaded:1 Bounds:IsValid=true, Min=(X=-345.457 Y=-258.578 Z=90.000), Max=(X=154.543 Y=157.422 Z=927.672) RuntimeGrid:None EditorOnly:0 RuntimeOnly:0 HLODRelevant:0
 |   |   |- [+] [  9]
 |   |   |   |- Guid:90CFB3C74DDCCDB506D04BBB173C368E BaseClass:/Game/Sample/Bluprints/BP_Puerta.BP_Puerta_C NativeClass:/Script/Engine.Actor Name:BP_Puerta_C_UAID_E0D55ED8DBB297AD01_1253178437 Label:BP_Puerta13 SpatiallyLoaded:1 Bounds:IsValid=true, Min=(X=954.543 Y=-258.578 Z=90.000), Max=(X=1454.543 Y=157.422 Z=927.672) RuntimeGrid:None EditorOnly:0 RuntimeOnly:0 HLODRelevant:0
 |   |   |- [+] [ 10]
 |   |   |   |- Guid:3852AE6A4A35017DD2D53FBD2F8BE443 BaseClass:/Game/Sample/Bluprints/BP_Puerta.BP_Puerta_C NativeClass:/Script/Engine.Actor Name:BP_Puerta_C_UAID_E0D55ED8DBB297AD01_1299426439 Label:BP_Puerta15 SpatiallyLoaded:1 Bounds:IsValid=true, Min=(X=-345.457 Y=2341.422 Z=90.000), Max=(X=154.543 Y=2757.422 Z=927.672) RuntimeGrid:None EditorOnly:0 RuntimeOnly:0 HLODRelevant:0
 |   |   |- [+] [ 11]
 |   |   |   |- Guid:251FCD6741BBB9C57273BDA72E21FD67 BaseClass: NativeClass:/Script/NavigationSystem.NavMeshBoundsVolume Name:NavMeshBoundsVolume_UAID_FC3497E54BE796AD01_1181668247 Label:NavMeshBoundsVolume SpatiallyLoaded:0 Bounds:IsValid=true, Min=(X=-3289.328 Y=-1402.607 Z=31.297), Max=(X=1769.328 Y=3702.607 Z=528.703) RuntimeGrid:None EditorOnly:0 RuntimeOnly:0 HLODRelevant:0
 |   |   |- [+] [ 12]
 |   |   |   |- Guid:E46D14FD4BE65B893A5BB08302F3FFD4 BaseClass:/Game/Sample/Bluprints/BP_Puerta.BP_Puerta_C NativeClass:/Script/Engine.Actor Name:BP_Puerta_C_UAID_E0D55ED8DBB297AD01_1344642440 Label:BP_Puerta16 SpatiallyLoaded:1 Bounds:IsValid=true, Min=(X=-1705.457 Y=2341.422 Z=90.000), Max=(X=-1105.457 Y=2757.422 Z=927.672) RuntimeGrid:None EditorOnly:0 RuntimeOnly:0 HLODRelevant:0
 |   |   |- [+] [ 13]
 |   |   |   |- Guid:7FE8AE1A4FC190E0E5B0BCB0BB34C018 BaseClass:/Game/Sample/Bluprints/BP_Puerta.BP_Puerta_C NativeClass:/Script/Engine.Actor Name:BP_Puerta_C_UAID_E0D55ED8DBB297AD01_1131311432 Label:BP_Puerta8 SpatiallyLoaded:1 Bounds:IsValid=true, Min=(X=-963.457 Y=1699.422 Z=90.000), Max=(X=-547.457 Y=2099.422 Z=927.672) RuntimeGrid:None EditorOnly:0 RuntimeOnly:0 HLODRelevant:0
 |   |   |- [+] [ 14]
 |   |   |   |- Guid:EE66F4454A4A9F99393F559AB739C05E BaseClass:/Game/FirstPerson/Blueprints/BP_Pickup_Rifle.BP_Pickup_Rifle_C NativeClass:/Script/Engine.Actor Name:BP_Rifle_C_1 Label:BP_Pickup_Rifle SpatiallyLoaded:1 Bounds:IsValid=true, Min=(X=-3472.000 Y=548.000 Z=144.000), Max=(X=-3408.000 Y=637.440 Z=208.000) RuntimeGrid:None EditorOnly:0 RuntimeOnly:0 HLODRelevant:0
 |   |   |- [+] [ 15]
 |   |   |   |- Guid:5B6F5DEE47C903064C43C296C1B68B8B BaseClass:/Game/Sample/Bluprints/BP_Puerta.BP_Puerta_C NativeClass:/Script/Engine.Actor Name:BP_Puerta_C_UAID_E0D55ED8DBB297AD01_1406058443 Label:BP_Puerta19 SpatiallyLoaded:1 Bounds:IsValid=true, Min=(X=-2945.457 Y=2341.422 Z=90.000), Max=(X=-2445.457 Y=2757.422 Z=927.672) RuntimeGrid:None EditorOnly:0 RuntimeOnly:0 HLODRelevant:0
 |   |   |- [+] [ 16]
 |   |   |   |- Guid:24775A5F41BFEBEFD28A4D8CB488F341 BaseClass:/Game/Sample/Bluprints/BP_Puerta.BP_Puerta_C NativeClass:/Script/Engine.Actor Name:BP_Puerta_C_UAID_E0D55ED8DBB296AD01_2089907252 Label:BP_Puerta4 SpatiallyLoaded:1 Bounds:IsValid=true, Min=(X=346.543 Y=399.422 Z=90.000), Max=(X=762.543 Y=799.422 Z=927.672) RuntimeGrid:None EditorOnly:0 RuntimeOnly:0 HLODRelevant:0
 |   |   |- [+] [ 17]
 |   |   |   |- Guid:E5320C1B4FD9764CE7B54D8487AEC613 BaseClass: NativeClass:/Script/Engine.SkyLight Name:SkyLight_0 Label:SkyLight SpatiallyLoaded:0 Bounds:IsValid=true, Min=(X=0.000 Y=0.000 Z=690.000), Max=(X=0.000 Y=0.000 Z=690.000) RuntimeGrid:None EditorOnly:0 RuntimeOnly:0 HLODRelevant:0 FolderPath:Lighting FolderGuid:0BA5F0A04EADB18E70D5B180D08FA34B
 |   |   |- [+] [ 18]
 |   |   |   |- Guid:EBFD33F0449F00FB6ED0C6B868453AE3 BaseClass:/Game/Sample/Bluprints/BP_Puerta.BP_Puerta_C NativeClass:/Script/Engine.Actor Name:BP_Puerta_C_UAID_E0D55ED8DBB296AD01_2129904253 Label:BP_Puerta5 SpatiallyLoaded:1 Bounds:IsValid=true, Min=(X=-2263.457 Y=-1000.578 Z=90.000), Max=(X=-1847.457 Y=-500.578 Z=927.672) RuntimeGrid:None EditorOnly:0 RuntimeOnly:0 HLODRelevant:0
 |   |   |- [+] [ 19]
 |   |   |   |- Guid:E7C5322E45786B4633BB34939C23DCCD BaseClass:/Game/Sample/Bluprints/BP_Puerta.BP_Puerta_C NativeClass:/Script/Engine.Actor Name:BP_Puerta_C_UAID_E0D55ED8DBB297AD01_1227623436 Label:BP_Puerta12 SpatiallyLoaded:1 Bounds:IsValid=true, Min=(X=954.543 Y=1041.422 Z=90.000), Max=(X=1454.543 Y=1457.422 Z=927.672) RuntimeGrid:None EditorOnly:0 RuntimeOnly:0 HLODRelevant:0
 |   |   |- [+] [ 20]
 |   |   |   |- Guid:7679385749BA0ED09BC93D9C25472F50 BaseClass: NativeClass:/Script/Engine.StaticMeshActor Name:StaticMeshActor_UAID_B42E999BD68C90AD01_1958362196 Label:CubeGridToolOutput SpatiallyLoaded:1 Bounds:IsValid=true, Min=(X=-3400.000 Y=-1500.000 Z=0.000), Max=(X=1900.000 Y=3800.000 Z=700.000) RuntimeGrid:None EditorOnly:0 RuntimeOnly:0 HLODRelevant:0 FolderPath:Playground FolderGuid:6C02BB504B69D1F3D7A624B130C18E5B
 |   |   |- [+] [ 21]
 |   |   |   |- Guid:8F05B50C485B56600BC37A9F19615058 BaseClass:/Game/Sample/Bluprints/BP_Puerta.BP_Puerta_C NativeClass:/Script/Engine.Actor Name:BP_Puerta_C_UAID_E0D55ED8DBB295AD01_1099242073 Label:BP_Puerta SpatiallyLoaded:1 Bounds:IsValid=true, Min=(X=-2263.457 Y=399.422 Z=90.000), Max=(X=-1847.457 Y=799.422 Z=927.672) RuntimeGrid:None EditorOnly:0 RuntimeOnly:0 HLODRelevant:0
 |   |   |- [+] [ 22]
 |   |   |   |- Guid:0C1D1A0F4F1C5D415885B5A3DD1C89A1 BaseClass:/Game/Sample/Bluprints/BP_Puerta.BP_Puerta_C NativeClass:/Script/Engine.Actor Name:BP_Puerta_C_UAID_E0D55ED8DBB297AD01_1092609430 Label:BP_Puerta6 SpatiallyLoaded:1 Bounds:IsValid=true, Min=(X=-963.457 Y=-1000.578 Z=90.000), Max=(X=-547.457 Y=-500.578 Z=927.672) RuntimeGrid:None EditorOnly:0 RuntimeOnly:0 HLODRelevant:0
 |   |   |- [+] [ 23]
 |   |   |   |- Guid:A354B1B24E617A525DC6B48CCDE2417E BaseClass: NativeClass:/Script/Engine.PlayerStart Name:PlayerStart_0 Label:PlayerStart SpatiallyLoaded:0 Bounds:IsValid=true, Min=(X=-3164.914 Y=570.748 Z=138.105), Max=(X=-3084.914 Y=650.748 Z=322.105) RuntimeGrid:None EditorOnly:0 RuntimeOnly:0 HLODRelevant:0
 |   |   |- [+] [ 24]
 |   |   |   |- Guid:F86ED7A44BC418D07FCC38A820C88914 BaseClass:/Game/Sample/Bluprints/BP_Puerta.BP_Puerta_C NativeClass:/Script/Engine.Actor Name:BP_Puerta_C_UAID_E0D55ED8DBB297AD01_1472377447 Label:BP_Puerta23 SpatiallyLoaded:1 Bounds:IsValid=true, Min=(X=-963.457 Y=2899.422 Z=90.000), Max=(X=-547.457 Y=3399.422 Z=927.672) RuntimeGrid:None EditorOnly:0 RuntimeOnly:0 HLODRelevant:0
 |   |   |- [+] [ 25]
 |   |   |   |- Guid:C6A53D8D4F7FD37FE9590AAD6BF93D57 BaseClass:/Game/Sample/Bluprints/BP_Puerta.BP_Puerta_C NativeClass:/Script/Engine.Actor Name:BP_Puerta_C_UAID_E0D55ED8DBB297AD01_1434399445 Label:BP_Puerta21 SpatiallyLoaded:1 Bounds:IsValid=true, Min=(X=-2945.457 Y=-258.578 Z=90.000), Max=(X=-2445.457 Y=157.422 Z=927.672) RuntimeGrid:None EditorOnly:0 RuntimeOnly:0 HLODRelevant:0
 |   |   |- [+] [ 26]
 |   |   |   |- Guid:5234458146CAB01158D73493802A7FFB BaseClass:/Game/Sample/Bluprints/BP_Puerta.BP_Puerta_C NativeClass:/Script/Engine.Actor Name:BP_Puerta_C_UAID_E0D55ED8DBB297AD01_1186002435 Label:BP_Puerta11 SpatiallyLoaded:1 Bounds:IsValid=true, Min=(X=954.543 Y=2341.422 Z=90.000), Max=(X=1454.543 Y=2757.422 Z=927.672) RuntimeGrid:None EditorOnly:0 RuntimeOnly:0 HLODRelevant:0
 |   |   |- [+] [ 27]
 |   |   |   |- Guid:3DCD3E294F399AF893F54694AD56A779 BaseClass:/Game/Sample/Bluprints/BP_Puerta.BP_Puerta_C NativeClass:/Script/Engine.Actor Name:BP_Puerta_C_UAID_E0D55ED8DBB297AD01_1107487431 Label:BP_Puerta7 SpatiallyLoaded:1 Bounds:IsValid=true, Min=(X=346.543 Y=-1000.578 Z=90.000), Max=(X=762.543 Y=-500.578 Z=927.672) RuntimeGrid:None EditorOnly:0 RuntimeOnly:0 HLODRelevant:0
 |   |   |- [+] [ 28]
 |   |   |   |- Guid:0196647C423CCBD0C9A132B558D26C48 BaseClass:/Game/Sample/Bluprints/BP_Puerta.BP_Puerta_C NativeClass:/Script/Engine.Actor Name:BP_Puerta_C_UAID_E0D55ED8DBB297AD01_1421542444 Label:BP_Puerta20 SpatiallyLoaded:1 Bounds:IsValid=true, Min=(X=-2945.457 Y=1041.422 Z=90.000), Max=(X=-2445.457 Y=1457.422 Z=927.672) RuntimeGrid:None EditorOnly:0 RuntimeOnly:0 HLODRelevant:0
 |   |   |- [+] [ 29]
 |   |   |   |- Guid:C22CE07C4B87D685137FDBBC10FC92C6 BaseClass: NativeClass:/Script/Engine.SkyAtmosphere Name:SkyAtmosphere_0 Label:SkyAtmosphere SpatiallyLoaded:0 Bounds:IsValid=true, Min=(X=0.000 Y=0.000 Z=1020.000), Max=(X=0.000 Y=0.000 Z=1020.000) RuntimeGrid:None EditorOnly:0 RuntimeOnly:0 HLODRelevant:0 FolderPath:Lighting FolderGuid:0BA5F0A04EADB18E70D5B180D08FA34B
 |   |   |- [+] [ 30]
 |   |   |   |- Guid:C0C56B9644AE3D40CAFF6A878DB29844 BaseClass: NativeClass:/Script/Engine.StaticMeshActor Name:StaticMeshActor_UAID_A4AE111137DC5EFB00_2001720423 Label:SM_SkySphere SpatiallyLoaded:0 Bounds:IsValid=true, Min=(X=-1638910.000 Y=-1639149.152 Z=-1636040.000), Max=(X=1637890.000 Y=1645842.848 Z=1640760.000) RuntimeGrid:None EditorOnly:0 RuntimeOnly:0 HLODRelevant:1 FolderPath:Lighting FolderGuid:0BA5F0A04EADB18E70D5B180D08FA34B
 |   |   |- [+] [ 31]
 |   |   |   |- Guid:258EA43C4722E997DB09DE91AA7AADFB BaseClass:/Game/Sample/Bluprints/BP_Puerta.BP_Puerta_C NativeClass:/Script/Engine.Actor Name:BP_Puerta_C_UAID_E0D55ED8DBB297AD01_1160984434 Label:BP_Puerta10 SpatiallyLoaded:1 Bounds:IsValid=true, Min=(X=346.543 Y=1699.422 Z=90.000), Max=(X=762.543 Y=2099.422 Z=927.672) RuntimeGrid:None EditorOnly:0 RuntimeOnly:0 HLODRelevant:0
 |   |   |- [+] [ 32]
 |   |   |   |- Guid:6FEFB3BD4EB37B849EF0D4AC80F83855 BaseClass: NativeClass:/Script/Engine.WorldDataLayers Name:WorldDataLayers Label:WorldDataLayers SpatiallyLoaded:0 Bounds:IsValid=true, Min=(X=0.000 Y=0.000 Z=0.000), Max=(X=0.000 Y=0.000 Z=0.000) RuntimeGrid:None EditorOnly:0 RuntimeOnly:0 HLODRelevant:0
 |   |   |- [+] [ 33]
 |   |   |   |- Guid:F8072D9846FAC303FA0E0C9E038B4452 BaseClass:/Game/Sample/Bluprints/BP_Puerta.BP_Puerta_C NativeClass:/Script/Engine.Actor Name:BP_Puerta_C_UAID_E0D55ED8DBB297AD01_1457535446 Label:BP_Puerta22 SpatiallyLoaded:1 Bounds:IsValid=true, Min=(X=-2263.457 Y=2899.422 Z=90.000), Max=(X=-1847.457 Y=3399.422 Z=927.672) RuntimeGrid:None EditorOnly:0 RuntimeOnly:0 HLODRelevant:0
 |   |   |- [+] [ 34]
 |   |   |   |- Guid:CE8D82634660FCDB3120E2B8D547C533 BaseClass: NativeClass:/Script/Engine.PostProcessVolume Name:PostProcessVolume_0 Label:PostProcessVolume SpatiallyLoaded:0 Bounds:IsValid=true, Min=(X=0.000 Y=0.000 Z=400.000), Max=(X=200.000 Y=200.000 Z=600.000) RuntimeGrid:None EditorOnly:0 RuntimeOnly:0 HLODRelevant:0 FolderPath:Lighting FolderGuid:0BA5F0A04EADB18E70D5B180D08FA34B
 |   |   |- [+] [ 35]
 |   |   |   |- Guid:C2DED41D49CEA7F24EC787B47DB74751 BaseClass:/Game/NPC/BP_NPC.BP_NPC_C NativeClass:/Script/Engine.Character Name:BP_NPC_C_UAID_FC3497E54BE796AD01_1700330249 Label:BP_NPC SpatiallyLoaded:1 Bounds:IsValid=true, Min=(X=-188.230 Y=-439.020 Z=100.000), Max=(X=-102.232 Y=-240.887 Z=305.772) RuntimeGrid:None EditorOnly:0 RuntimeOnly:0 HLODRelevant:0
 |   |   |   |- Guid:CB27458F4B7F645E464E4EB03B650D98 BaseClass: NativeClass:/Script/NavigationSystem.RecastNavMesh Name:RecastNavMesh_UAID_FC3497E54BE796AD01-Default Label:RecastNavMesh-Default SpatiallyLoaded:0 Bounds:IsValid=true, Min=(X=0.000 Y=0.000 Z=-110.000), Max=(X=0.000 Y=0.000 Z=-110.000) RuntimeGrid:None EditorOnly:0 RuntimeOnly:0 HLODRelevant:0
 |   |   |- [+] [ 36]
 |   |   |   |- Guid:2E674642448E871820F98D99BFAB0911 BaseClass:/Game/Sample/Bluprints/BP_Puerta.BP_Puerta_C NativeClass:/Script/Engine.Actor Name:BP_Puerta_C_UAID_E0D55ED8DBB297AD01_1146718433 Label:BP_Puerta9 SpatiallyLoaded:1 Bounds:IsValid=true, Min=(X=-2253.457 Y=1699.422 Z=90.000), Max=(X=-1837.457 Y=2099.422 Z=927.672) RuntimeGrid:None EditorOnly:0 RuntimeOnly:0 HLODRelevant:0
 |   |   |- [+] [ 37]
 |   |   |   |- Guid:E7EE8CC74EDF07BEA8165B8C554173E2 BaseClass:/Game/NPC/BP_NPC.BP_NPC_C NativeClass:/Script/Engine.Character Name:BP_NPC_C_UAID_005056C000019FAD01_1784952831 Label:BP_NPC2 SpatiallyLoaded:1 Bounds:IsValid=true, Min=(X=-1598.230 Y=570.980 Z=100.000), Max=(X=-1512.232 Y=769.113 Z=305.772) RuntimeGrid:None EditorOnly:0 RuntimeOnly:0 HLODRelevant:0
 |   |   |- [+] [ 38]
 |   |   |   |- Guid:861C62424005D66390E2C48B585ECCBF BaseClass:/Game/NPC/BP_NPC.BP_NPC_C NativeClass:/Script/Engine.Character Name:BP_NPC_C_UAID_005056C000019FAD01_1798288835 Label:BP_NPC6 SpatiallyLoaded:1 Bounds:IsValid=true, Min=(X=151.770 Y=3390.980 Z=100.000), Max=(X=237.768 Y=3589.113 Z=305.772) RuntimeGrid:None EditorOnly:0 RuntimeOnly:0 HLODRelevant:0
 |   |   |- [+] [ 39]
 |   |   |   |- Guid:AA949BFA472980CFE35420BBE1B28641 BaseClass:/Game/NPC/BP_NPC.BP_NPC_C NativeClass:/Script/Engine.Character Name:BP_NPC_C_UAID_005056C000019FAD01_1788139832 Label:BP_NPC3 SpatiallyLoaded:1 Bounds:IsValid=true, Min=(X=-1498.230 Y=1760.980 Z=100.000), Max=(X=-1412.232 Y=1959.113 Z=305.772) RuntimeGrid:None EditorOnly:0 RuntimeOnly:0 HLODRelevant:0
 |   |   |- [+] [ 40]
 |   |   |   |- Guid:3F8A313540C4E03ACAC854801DD90545 BaseClass:/Game/NPC/BP_NPC.BP_NPC_C NativeClass:/Script/Engine.Character Name:BP_NPC_C_UAID_005056C000019FAD01_1795139834 Label:BP_NPC5 SpatiallyLoaded:1 Bounds:IsValid=true, Min=(X=-18.230 Y=260.980 Z=100.000), Max=(X=67.768 Y=459.113 Z=305.772) RuntimeGrid:None EditorOnly:0 RuntimeOnly:0 HLODRelevant:0
 |   |   |- [+] [ 41]
 |   |   |   |- Guid:49B4A84F4318BC4D25A1E7A527DEA281 BaseClass:/Game/NPC/BP_NPC.BP_NPC_C NativeClass:/Script/Engine.Character Name:BP_NPC_C_UAID_005056C000019FAD01_1791974833 Label:BP_NPC4 SpatiallyLoaded:1 Bounds:IsValid=true, Min=(X=-128.230 Y=1820.980 Z=100.000), Max=(X=-42.232 Y=2019.113 Z=305.772) RuntimeGrid:None EditorOnly:0 RuntimeOnly:0 HLODRelevant:0
 |- ContainerInstances:
 |- [+] MainContainer:
 |   |-        ID: 0x0000000000000000
 |   |-    Bounds: IsValid=false, Min=(X=0.000 Y=0.000 Z=0.000), Max=(X=0.000 Y=0.000 Z=0.000)
 |   |- Transform: 0.000000,0.000000,0.000000|0.000000,0.000000,-0.000000|1.000000,1.000000,1.000000
 |   |- Container: /Game/FirstPerson/Maps/FirstPersonMap
----------------------------------------------------------------------------------------------------------------
FirstPersonMap - Persistent Level
----------------------------------------------------------------------------------------------------------------
Always loaded Actor Count: 74 

----------------------------------------------------------------------------------------------------------------
FirstPersonMap - Runtime Spatial Hash - Streaming Grid - MainGrid
----------------------------------------------------------------------------------------------------------------
            Origin: X=0.000 Y=0.000 Z=0.000
         Cell Size: 12800
      World Bounds: IsValid=false, Min=(X=0.000 Y=0.000 Z=0.000), Max=(X=0.000 Y=0.000 Z=0.000)
     Loading Range: 25600.00
Block Slow Loading: No
 ClientOnlyVisible: No

[+] Grid Levels: 1
 |- Level  0: Cell Count    0 | Cell Size   12800 | Actor Count    0 (0.0%)

[+] Content of Grid Level 0

